#
# A fatal error has been detected by the Java Runtime Environment:
#
#  SIGSEGV (0xb) at pc=0x00007f53a3dfc023, pid=12337, tid=0x00007f53d864d700
#
# JRE version: OpenJDK Runtime Environment (8.0_121-b13) (build 1.8.0_121-8u121-b13-4-b13)
# Java VM: OpenJDK 64-Bit Server VM (25.121-b13 mixed mode linux-amd64 compressed oops)
# Problematic frame:
# C  [OpenIMAJGrabber.so+0x2023]  OpenIMAJGrabber::nextFrame()+0x1b
#
# Failed to write core dump. Core dumps have been disabled. To enable core dumping, try "ulimit -c unlimited" before starting Java again
#
# If you would like to submit a bug report, please visit:
#   http://bugreport.java.com/bugreport/crash.jsp
# The crash happened outside the Java Virtual Machine in native code.
# See problematic frame for where to report the bug.
#

---------------  T H R E A D  ---------------

Current thread (0x00007f53a4005000):  JavaThread "atomic-processor-1" daemon [_thread_in_native, id=12379, stack(0x00007f53d854d000,0x00007f53d864e000)]

siginfo: si_signo: 11 (SIGSEGV), si_code: 1 (SEGV_MAPERR), si_addr: 0x00001f53d8600000

Registers:
RAX=0x0000000000000001, RBX=0x0000000000000000, RCX=0x0000000000000000, RDX=0x0000000000000000
RSP=0x00007f53d864c5d0, RBP=0x00001f53d8600000, RSI=0x00007f53d864c490, RDI=0x0000000000000000
R8 =0x0000000000000000, R9 =0x00007f53d864c490, R10=0x00007f53a3df51a0, R11=0x0000000000000246
R12=0x0000000000000000, R13=0x00007f53a40051e0, R14=0x00007f53d864c798, R15=0x00007f53a4005000
RIP=0x00007f53a3dfc023, EFLAGS=0x0000000000010202, CSGSFS=0x002b000000000033, ERR=0x0000000000000004
  TRAPNO=0x000000000000000e

Top of Stack: (sp=0x00007f53d864c5d0)
0x00007f53d864c5d0:   00007f53d864c698 00007f53a8288780
0x00007f53d864c5e0:   00007f53d864c5f8 00007f53d8100411
0x00007f53d864c5f0:   00007f5300000006 00007f53a81b93a0
0x00007f53d864c600:   00007f53d864c698 00007f53d80fdbdb
0x00007f53d864c610:   00007f53dba2f828 00007f53dba2f828
0x00007f53d864c620:   00007f53d864c720 0000000000000000
0x00007f53d864c630:   00007f53dba2f828 00007f53d80ff146
0x00007f53d864c640:   00007f53d864c690 00007f53a8230ab0
0x00007f53d864c650:   00007f53d864c6a0 00007f53d864c798
0x00007f53d864c660:   00007f53d864c698 00007f53d864c6c0
0x00007f53d864c670:   00007f53a81b93a0 00007f53a4004dc0
0x00007f53d864c680:   00007f53d864c710 00007f53d8100a72
0x00007f53d864c690:   0000000000000000 0000000000000000
0x00007f53d864c6a0:   00007f53d864c730 0000000000000002
0x00007f53d864c6b0:   00007f53a40051e0 00007f53d864c798
0x00007f53d864c6c0:   00007f5416f6a538 00007f53a8004770
0x00007f53d864c6d0:   00007f53dba2f828 0000000000000006
0x00007f53d864c6e0:   0000000000000000 00007f53a4001d20
0x00007f53d864c6f0:   0000000000000000 000000ff00000000
0x00007f53d864c700:   0000000000000000 62696c2f65726a2f
0x00007f53d864c710:   6a6e65706f2d382d 2f62696c2f727375
0x00007f53d864c720:   00007f53d864c778 00007f5401017774
0x00007f53d864c730:   00007f54010174c2 00007f53d864c738
0x00007f53d864c740:   00007f53dba2f828 00007f53d864c798
0x00007f53d864c750:   00007f53dba312a0 0000000000000000
0x00007f53d864c760:   00007f53dba2f828 0000000000000000
0x00007f53d864c770:   00007f53d864c798 00007f53d864c7e0
0x00007f53d864c780:   00007f5401007a40 0000000000000000
0x00007f53d864c790:   00007f5401011276 00000000d81061f0
0x00007f53d864c7a0:   00007f53d864c7a0 00007f53dbb42e54
0x00007f53d864c7b0:   00007f53d864c838 00007f53dbb43b68
0x00007f53d864c7c0:   0000000000000000 00007f53dbb42fa0 

Instructions: (pc=0x00007f53a3dfc023)
0x00007f53a3dfc003:   02 00 00 5d c3 55 48 89 e5 48 83 ec 10 48 89 7d
0x00007f53a3dfc013:   f8 48 8b 45 f8 48 8b 00 48 89 c7 e8 0d fa ff ff
0x00007f53a3dfc023:   c9 c3 90 55 48 89 e5 48 89 7d f8 89 75 f4 48 8b
0x00007f53a3dfc033:   45 f8 48 8b 00 8b 55 f4 89 90 f0 01 00 00 5d c3 

Register to memory mapping:

RAX=0x0000000000000001 is an unknown value
RBX=0x0000000000000000 is an unknown value
RCX=0x0000000000000000 is an unknown value
RDX=0x0000000000000000 is an unknown value
RSP=0x00007f53d864c5d0 is pointing into the stack for thread: 0x00007f53a4005000
RBP=0x00001f53d8600000 is an unknown value
RSI=0x00007f53d864c490 is pointing into the stack for thread: 0x00007f53a4005000
RDI=0x0000000000000000 is an unknown value
R8 =0x0000000000000000 is an unknown value
R9 =0x00007f53d864c490 is pointing into the stack for thread: 0x00007f53a4005000
R10=0x00007f53a3df51a0: <offset 0x2091a0> in /usr/lib/x86_64-linux-gnu/libv4l2.so.0 at 0x00007f53a3bec000
R11=0x0000000000000246 is an unknown value
R12=0x0000000000000000 is an unknown value
R13=0x00007f53a40051e0 is an unknown value
R14=0x00007f53d864c798 is pointing into the stack for thread: 0x00007f53a4005000
R15=0x00007f53a4005000 is a thread


Stack: [0x00007f53d854d000,0x00007f53d864e000],  sp=0x00007f53d864c5d0,  free space=1021k
Native frames: (J=compiled Java code, j=interpreted, Vv=VM code, C=native code)
C  [OpenIMAJGrabber.so+0x2023]  OpenIMAJGrabber::nextFrame()+0x1b

Java frames: (J=compiled Java code, j=interpreted, Vv=VM code)
j  com.github.sarxos.webcam.ds.buildin.natives.OpenIMAJGrabber.nextFrame()I+0
j  com.github.sarxos.webcam.ds.buildin.WebcamDefaultDevice.open()V+484
j  com.github.sarxos.webcam.ds.cgt.WebcamOpenTask.handle()V+55
j  com.github.sarxos.webcam.WebcamProcessor$AtomicProcessor.run()V+14
j  java.util.concurrent.ThreadPoolExecutor.runWorker(Ljava/util/concurrent/ThreadPoolExecutor$Worker;)V+95
j  java.util.concurrent.ThreadPoolExecutor$Worker.run()V+5
j  java.lang.Thread.run()V+11
v  ~StubRoutines::call_stub

---------------  P R O C E S S  ---------------

Java Threads: ( => current thread )
  0x00007f5410360800 JavaThread "webcam-lock-[BisonCam, NB Pro /dev/video0]" daemon [_thread_blocked, id=12384, stack(0x00007f53a1d23000,0x00007f53a1e24000)]
  0x00007f5410360000 JavaThread "webcam-discovery-service" daemon [_thread_blocked, id=12383, stack(0x00007f53d864e000,0x00007f53d874f000)]
=>0x00007f53a4005000 JavaThread "atomic-processor-1" daemon [_thread_in_native, id=12379, stack(0x00007f53d854d000,0x00007f53d864e000)]
  0x00007f5410335800 JavaThread "Service Thread" daemon [_thread_blocked, id=12376, stack(0x00007f53d8a63000,0x00007f53d8b64000)]
  0x00007f5410318800 JavaThread "C1 CompilerThread3" daemon [_thread_blocked, id=12375, stack(0x00007f53d907d000,0x00007f53d917e000)]
  0x00007f5410316000 JavaThread "C2 CompilerThread2" daemon [_thread_blocked, id=12374, stack(0x00007f53d917e000,0x00007f53d927f000)]
  0x00007f541030a800 JavaThread "C2 CompilerThread1" daemon [_thread_blocked, id=12373, stack(0x00007f53d927f000,0x00007f53d9380000)]
  0x00007f5410309000 JavaThread "C2 CompilerThread0" daemon [_thread_blocked, id=12372, stack(0x00007f53d9380000,0x00007f53d9481000)]
  0x00007f54102fd800 JavaThread "Monitor Ctrl-Break" daemon [_thread_in_native, id=12371, stack(0x00007f53d9481000,0x00007f53d9582000)]
  0x00007f54101ff800 JavaThread "Signal Dispatcher" daemon [_thread_blocked, id=12370, stack(0x00007f53d95c0000,0x00007f53d96c1000)]
  0x00007f54101d4800 JavaThread "Finalizer" daemon [_thread_blocked, id=12360, stack(0x00007f53d97f1000,0x00007f53d98f2000)]
  0x00007f54101d0000 JavaThread "Reference Handler" daemon [_thread_blocked, id=12359, stack(0x00007f53d98f2000,0x00007f53d99f3000)]
  0x00007f541000b800 JavaThread "main" [_thread_blocked, id=12338, stack(0x00007f5417c6d000,0x00007f5417d6e000)]

Other Threads:
  0x00007f54101c8800 VMThread [stack: 0x00007f53d99f3000,0x00007f53d9af4000] [id=12357]
  0x00007f5410338000 WatcherThread [stack: 0x00007f53d8962000,0x00007f53d8a63000] [id=12377]

VM state:not at safepoint (normal execution)

VM Mutex/Monitor currently owned by a thread: None

Heap:
 PSYoungGen      total 37888K, used 24303K [0x00000000d6a00000, 0x00000000d9400000, 0x0000000100000000)
  eden space 32768K, 74% used [0x00000000d6a00000,0x00000000d81bbf08,0x00000000d8a00000)
  from space 5120K, 0% used [0x00000000d8f00000,0x00000000d8f00000,0x00000000d9400000)
  to   space 5120K, 0% used [0x00000000d8a00000,0x00000000d8a00000,0x00000000d8f00000)
 ParOldGen       total 86016K, used 0K [0x0000000083e00000, 0x0000000089200000, 0x00000000d6a00000)
  object space 86016K, 0% used [0x0000000083e00000,0x0000000083e00000,0x0000000089200000)
 Metaspace       used 7317K, capacity 7498K, committed 7552K, reserved 1056768K
  class space    used 820K, capacity 859K, committed 896K, reserved 1048576K

Card table byte_map: [0x00007f5400c1e000,0x00007f5401000000] byte_map_base: 0x00007f54007ff000

Marking Bits: (ParMarkBitMap*) 0x00007f5416f6e220
 Begin Bits: [0x00007f53dc1f0000, 0x00007f53de0f8000)
 End Bits:   [0x00007f53de0f8000, 0x00007f53e0000000)

Polling page: 0x00007f5417d92000

CodeCache: size=245760Kb used=2597Kb max_used=2599Kb free=243162Kb
 bounds [0x00007f5401000000, 0x00007f5401290000, 0x00007f5410000000]
 total_blobs=977 nmethods=644 adapters=248
 compilation: enabled

Compilation events (10 events):
Event: 0.510 Thread 0x00007f5410318800  641  s!   3       java.net.URLStreamHandler::getHostAddress (54 bytes)
Event: 0.511 Thread 0x00007f5410318800 nmethod 641 0x00007f5401284e10 code [0x00007f5401284fc0, 0x00007f5401285778]
Event: 0.511 Thread 0x00007f5410316000 nmethod 638 0x00007f5401288890 code [0x00007f5401288a00, 0x00007f5401288bb8]
Event: 0.512 Thread 0x00007f5410318800  642       3       java.util.zip.ZipFile$ZipFileInflaterInputStream::fill (80 bytes)
Event: 0.513 Thread 0x00007f5410318800 nmethod 642 0x00007f54012880d0 code [0x00007f5401288280, 0x00007f5401288688]
Event: 0.513 Thread 0x00007f5410318800  643   !   3       java.util.zip.Inflater::setInput (74 bytes)
Event: 0.513 Thread 0x00007f5410318800 nmethod 643 0x00007f54012877d0 code [0x00007f5401287960, 0x00007f5401287ed8]
Event: 0.513 Thread 0x00007f5410318800  644       1       java.util.Formatter$Flags::valueOf (5 bytes)
Event: 0.513 Thread 0x00007f5410318800 nmethod 644 0x00007f5401286010 code [0x00007f5401286160, 0x00007f5401286270]
Event: 0.514 Thread 0x00007f5410309000 nmethod 640 0x00007f540128a810 code [0x00007f540128a9e0, 0x00007f540128ad00]

GC Heap History (0 events):
No events

Deoptimization events (10 events):
Event: 0.227 Thread 0x00007f53a4005000 Uncommon trap: reason=predicate action=maybe_recompile pc=0x00007f54011d72a8 method=java.util.regex.Pattern$Slice.match(Ljava/util/regex/Matcher;ILjava/lang/CharSequence;)Z @ 21
Event: 0.317 Thread 0x00007f53a4005000 Uncommon trap: reason=class_check action=maybe_recompile pc=0x00007f54011d2cd4 method=java.lang.ThreadLocal.get()Ljava/lang/Object; @ 6
Event: 0.317 Thread 0x00007f53a4005000 Uncommon trap: reason=unstable_if action=reinterpret pc=0x00007f54011d7a4c method=java.lang.ThreadLocal$ThreadLocalMap.getEntry(Ljava/lang/ThreadLocal;)Ljava/lang/ThreadLocal$ThreadLocalMap$Entry; @ 21
Event: 0.321 Thread 0x00007f53a4005000 Uncommon trap: reason=class_check action=maybe_recompile pc=0x00007f54011d2cd4 method=java.lang.ThreadLocal.get()Ljava/lang/Object; @ 6
Event: 0.333 Thread 0x00007f53a4005000 Uncommon trap: reason=class_check action=maybe_recompile pc=0x00007f54011d2cd4 method=java.lang.ThreadLocal.get()Ljava/lang/Object; @ 6
Event: 0.336 Thread 0x00007f53a4005000 Uncommon trap: reason=unstable_if action=reinterpret pc=0x00007f54011da9cc method=java.util.regex.Pattern$Slice.match(Ljava/util/regex/Matcher;ILjava/lang/CharSequence;)Z @ 18
Event: 0.338 Thread 0x00007f53a4005000 Uncommon trap: reason=class_check action=maybe_recompile pc=0x00007f54011d2cd4 method=java.lang.ThreadLocal.get()Ljava/lang/Object; @ 6
Event: 0.340 Thread 0x00007f53a4005000 Uncommon trap: reason=range_check action=make_not_entrant pc=0x00007f5401231040 method=sun.reflect.generics.parser.SignatureParser.current()C @ 34
Event: 0.505 Thread 0x00007f53a4005000 Uncommon trap: reason=unstable_if action=reinterpret pc=0x00007f5401116e30 method=java.lang.CharacterDataLatin1.digit(II)I @ 31
Event: 0.513 Thread 0x00007f5410360800 Uncommon trap: reason=unstable_if action=reinterpret pc=0x00007f5401288b4c method=java.lang.ThreadLocal.get()Ljava/lang/Object; @ 11

Internal exceptions (10 events):
Event: 0.340 Thread 0x00007f53a4005000 Exception <a 'java/lang/ArrayIndexOutOfBoundsException': 85> (0x00000000d7e04d00) thrown at [/build/openjdk-8-qFl9Ji/openjdk-8-8u121-b13/src/hotspot/src/share/vm/interpreter/interpreterRuntime.cpp, line 366]
Event: 0.341 Thread 0x00007f53a4005000 Exception <a 'java/lang/ArrayIndexOutOfBoundsException': 39> (0x00000000d7e07218) thrown at [/build/openjdk-8-qFl9Ji/openjdk-8-8u121-b13/src/hotspot/src/share/vm/interpreter/interpreterRuntime.cpp, line 366]
Event: 0.459 Thread 0x00007f53a4005000 Exception <a 'java/lang/NoSuchMethodError': getNumDevices> (0x00000000d7e15800) thrown at [/build/openjdk-8-qFl9Ji/openjdk-8-8u121-b13/src/hotspot/src/share/vm/prims/jni.cpp, line 1613]
Event: 0.459 Thread 0x00007f53a4005000 Exception <a 'java/lang/NoSuchMethodError': getDevice> (0x00000000d7e15a60) thrown at [/build/openjdk-8-qFl9Ji/openjdk-8-8u121-b13/src/hotspot/src/share/vm/prims/jni.cpp, line 1613]
Event: 0.460 Thread 0x00007f53a4005000 Exception <a 'java/lang/NoSuchMethodError': getIdentifier> (0x00000000d7e1cd30) thrown at [/build/openjdk-8-qFl9Ji/openjdk-8-8u121-b13/src/hotspot/src/share/vm/prims/jni.cpp, line 1613]
Event: 0.460 Thread 0x00007f53a4005000 Exception <a 'java/lang/NoSuchMethodError': getName> (0x00000000d7e1cf88) thrown at [/build/openjdk-8-qFl9Ji/openjdk-8-8u121-b13/src/hotspot/src/share/vm/prims/jni.cpp, line 1613]
Event: 0.494 Thread 0x00007f53a4005000 Exception <a 'java/lang/NoSuchFieldError': method resolution failed> (0x00000000d8042c10) thrown at [/build/openjdk-8-qFl9Ji/openjdk-8-8u121-b13/src/hotspot/src/share/vm/prims/methodHandles.cpp, line 1146]
Event: 0.495 Thread 0x00007f53a4005000 Exception <a 'java/lang/NoSuchFieldError': method resolution failed> (0x00000000d8050ba0) thrown at [/build/openjdk-8-qFl9Ji/openjdk-8-8u121-b13/src/hotspot/src/share/vm/prims/methodHandles.cpp, line 1146]
Event: 0.507 Thread 0x00007f53a4005000 Exception <a 'java/io/FileNotFoundException'> (0x00000000d80ed1e0) thrown at [/build/openjdk-8-qFl9Ji/openjdk-8-8u121-b13/src/hotspot/src/share/vm/prims/jni.cpp, line 709]
Event: 0.513 Thread 0x00007f5410360800 Implicit null exception at 0x00007f5401288a49 to 0x00007f5401288b35

Events (10 events):
Event: 0.524 loading class java/awt/image/DataBuffer$1
Event: 0.524 loading class sun/awt/image/SunWritableRaster$DataStealer
Event: 0.524 loading class sun/awt/image/SunWritableRaster$DataStealer done
Event: 0.524 loading class java/awt/image/DataBuffer$1 done
Event: 0.524 loading class sun/awt/image/SunWritableRaster
Event: 0.524 loading class java/awt/image/WritableRaster
Event: 0.524 loading class java/awt/image/Raster
Event: 0.524 loading class java/awt/image/Raster done
Event: 0.524 loading class java/awt/image/WritableRaster done
Event: 0.524 loading class sun/awt/image/SunWritableRaster done


Dynamic libraries:
83e00000-89200000 rw-p 00000000 00:00 0 
89200000-d6a00000 ---p 00000000 00:00 0 
d6a00000-d9400000 rw-p 00000000 00:00 0 
d9400000-100000000 ---p 00000000 00:00 0 
100000000-1000e0000 rw-p 00000000 00:00 0 
1000e0000-140000000 ---p 00000000 00:00 0 
5629cb800000-5629cb801000 r-xp 00000000 08:02 5506421                    /usr/lib/jvm/java-8-openjdk-amd64/jre/bin/java
5629cba00000-5629cba01000 r--p 00000000 08:02 5506421                    /usr/lib/jvm/java-8-openjdk-amd64/jre/bin/java
5629cba01000-5629cba02000 rw-p 00001000 08:02 5506421                    /usr/lib/jvm/java-8-openjdk-amd64/jre/bin/java
5629cc46c000-5629cc48d000 rw-p 00000000 00:00 0                          [heap]
7f539c000000-7f539c021000 rw-p 00000000 00:00 0 
7f539c021000-7f53a0000000 ---p 00000000 00:00 0 
7f53a1d23000-7f53a1d26000 ---p 00000000 00:00 0 
7f53a1d26000-7f53a1e24000 rwxp 00000000 00:00 0 
7f53a1e24000-7f53a1e37000 r-xp 00000000 08:02 6424696                    /lib/x86_64-linux-gnu/libbsd.so.0.8.3
7f53a1e37000-7f53a2037000 ---p 00013000 08:02 6424696                    /lib/x86_64-linux-gnu/libbsd.so.0.8.3
7f53a2037000-7f53a2038000 r--p 00013000 08:02 6424696                    /lib/x86_64-linux-gnu/libbsd.so.0.8.3
7f53a2038000-7f53a2039000 rw-p 00014000 08:02 6424696                    /lib/x86_64-linux-gnu/libbsd.so.0.8.3
7f53a2039000-7f53a203a000 rw-p 00000000 00:00 0 
7f53a203a000-7f53a203f000 r-xp 00000000 08:02 5116589                    /usr/lib/x86_64-linux-gnu/libXdmcp.so.6.0.0
7f53a203f000-7f53a223e000 ---p 00005000 08:02 5116589                    /usr/lib/x86_64-linux-gnu/libXdmcp.so.6.0.0
7f53a223e000-7f53a223f000 r--p 00004000 08:02 5116589                    /usr/lib/x86_64-linux-gnu/libXdmcp.so.6.0.0
7f53a223f000-7f53a2240000 rw-p 00005000 08:02 5116589                    /usr/lib/x86_64-linux-gnu/libXdmcp.so.6.0.0
7f53a2240000-7f53a2243000 r-xp 00000000 08:02 5116579                    /usr/lib/x86_64-linux-gnu/libXau.so.6.0.0
7f53a2243000-7f53a2442000 ---p 00003000 08:02 5116579                    /usr/lib/x86_64-linux-gnu/libXau.so.6.0.0
7f53a2442000-7f53a2443000 r--p 00002000 08:02 5116579                    /usr/lib/x86_64-linux-gnu/libXau.so.6.0.0
7f53a2443000-7f53a2444000 rw-p 00003000 08:02 5116579                    /usr/lib/x86_64-linux-gnu/libXau.so.6.0.0
7f53a2444000-7f53a246b000 r-xp 00000000 08:02 5118376                    /usr/lib/x86_64-linux-gnu/libxcb.so.1.1.0
7f53a246b000-7f53a266a000 ---p 00027000 08:02 5118376                    /usr/lib/x86_64-linux-gnu/libxcb.so.1.1.0
7f53a266a000-7f53a266b000 r--p 00026000 08:02 5118376                    /usr/lib/x86_64-linux-gnu/libxcb.so.1.1.0
7f53a266b000-7f53a266c000 rw-p 00027000 08:02 5118376                    /usr/lib/x86_64-linux-gnu/libxcb.so.1.1.0
7f53a266c000-7f53a267b000 r-xp 00000000 08:02 5116583                    /usr/lib/x86_64-linux-gnu/libXi.so.6.1.0
7f53a267b000-7f53a287a000 ---p 0000f000 08:02 5116583                    /usr/lib/x86_64-linux-gnu/libXi.so.6.1.0
7f53a287a000-7f53a287b000 r--p 0000e000 08:02 5116583                    /usr/lib/x86_64-linux-gnu/libXi.so.6.1.0
7f53a287b000-7f53a287c000 rw-p 0000f000 08:02 5116583                    /usr/lib/x86_64-linux-gnu/libXi.so.6.1.0
7f53a287c000-7f53a2881000 r-xp 00000000 08:02 5118382                    /usr/lib/x86_64-linux-gnu/libXtst.so.6.1.0
7f53a2881000-7f53a2a80000 ---p 00005000 08:02 5118382                    /usr/lib/x86_64-linux-gnu/libXtst.so.6.1.0
7f53a2a80000-7f53a2a81000 r--p 00004000 08:02 5118382                    /usr/lib/x86_64-linux-gnu/libXtst.so.6.1.0
7f53a2a81000-7f53a2a82000 rw-p 00005000 08:02 5118382                    /usr/lib/x86_64-linux-gnu/libXtst.so.6.1.0
7f53a2a82000-7f53a2a8b000 r-xp 00000000 08:02 5118360                    /usr/lib/x86_64-linux-gnu/libXrender.so.1.3.0
7f53a2a8b000-7f53a2c8a000 ---p 00009000 08:02 5118360                    /usr/lib/x86_64-linux-gnu/libXrender.so.1.3.0
7f53a2c8a000-7f53a2c8b000 r--p 00008000 08:02 5118360                    /usr/lib/x86_64-linux-gnu/libXrender.so.1.3.0
7f53a2c8b000-7f53a2c8c000 rw-p 00009000 08:02 5118360                    /usr/lib/x86_64-linux-gnu/libXrender.so.1.3.0
7f53a2c8c000-7f53a2dc6000 r-xp 00000000 08:02 5116570                    /usr/lib/x86_64-linux-gnu/libX11.so.6.3.0
7f53a2dc6000-7f53a2fc6000 ---p 0013a000 08:02 5116570                    /usr/lib/x86_64-linux-gnu/libX11.so.6.3.0
7f53a2fc6000-7f53a2fc7000 r--p 0013a000 08:02 5116570                    /usr/lib/x86_64-linux-gnu/libX11.so.6.3.0
7f53a2fc7000-7f53a2fcc000 rw-p 0013b000 08:02 5116570                    /usr/lib/x86_64-linux-gnu/libX11.so.6.3.0
7f53a2fcc000-7f53a2fdd000 r-xp 00000000 08:02 5116299                    /usr/lib/x86_64-linux-gnu/libXext.so.6.4.0
7f53a2fdd000-7f53a31dc000 ---p 00011000 08:02 5116299                    /usr/lib/x86_64-linux-gnu/libXext.so.6.4.0
7f53a31dc000-7f53a31dd000 r--p 00010000 08:02 5116299                    /usr/lib/x86_64-linux-gnu/libXext.so.6.4.0
7f53a31dd000-7f53a31de000 rw-p 00011000 08:02 5116299                    /usr/lib/x86_64-linux-gnu/libXext.so.6.4.0
7f53a31de000-7f53a3232000 r-xp 00000000 08:02 5506437                    /usr/lib/jvm/java-8-openjdk-amd64/jre/lib/amd64/libawt_xawt.so
7f53a3232000-7f53a3431000 ---p 00054000 08:02 5506437                    /usr/lib/jvm/java-8-openjdk-amd64/jre/lib/amd64/libawt_xawt.so
7f53a3431000-7f53a3432000 r--p 00053000 08:02 5506437                    /usr/lib/jvm/java-8-openjdk-amd64/jre/lib/amd64/libawt_xawt.so
7f53a3432000-7f53a3435000 rw-p 00054000 08:02 5506437                    /usr/lib/jvm/java-8-openjdk-amd64/jre/lib/amd64/libawt_xawt.so
7f53a3435000-7f53a3436000 rw-p 00000000 00:00 0 
7f53a3436000-7f53a34d6000 r-xp 00000000 08:02 5506435                    /usr/lib/jvm/java-8-openjdk-amd64/jre/lib/amd64/libawt.so
7f53a34d6000-7f53a36d6000 ---p 000a0000 08:02 5506435                    /usr/lib/jvm/java-8-openjdk-amd64/jre/lib/amd64/libawt.so
7f53a36d6000-7f53a36d7000 r--p 000a0000 08:02 5506435                    /usr/lib/jvm/java-8-openjdk-amd64/jre/lib/amd64/libawt.so
7f53a36d7000-7f53a36e2000 rw-p 000a1000 08:02 5506435                    /usr/lib/jvm/java-8-openjdk-amd64/jre/lib/amd64/libawt.so
7f53a36e2000-7f53a3707000 rw-p 00000000 00:00 0 
7f53a3707000-7f53a3770000 r-xp 00000000 08:02 5117107                    /usr/lib/x86_64-linux-gnu/libjpeg.so.62.2.0
7f53a3770000-7f53a3970000 ---p 00069000 08:02 5117107                    /usr/lib/x86_64-linux-gnu/libjpeg.so.62.2.0
7f53a3970000-7f53a3971000 r--p 00069000 08:02 5117107                    /usr/lib/x86_64-linux-gnu/libjpeg.so.62.2.0
7f53a3971000-7f53a3972000 rw-p 0006a000 08:02 5117107                    /usr/lib/x86_64-linux-gnu/libjpeg.so.62.2.0
7f53a3972000-7f53a3998000 r-xp 00000000 08:02 5116281                    /usr/lib/x86_64-linux-gnu/libv4lconvert.so.0.0.0
7f53a3998000-7f53a3b97000 ---p 00026000 08:02 5116281                    /usr/lib/x86_64-linux-gnu/libv4lconvert.so.0.0.0
7f53a3b97000-7f53a3b99000 r--p 00025000 08:02 5116281                    /usr/lib/x86_64-linux-gnu/libv4lconvert.so.0.0.0
7f53a3b99000-7f53a3b9a000 rw-p 00027000 08:02 5116281                    /usr/lib/x86_64-linux-gnu/libv4lconvert.so.0.0.0
7f53a3b9a000-7f53a3bec000 rw-p 00000000 00:00 0 
7f53a3bec000-7f53a3bf5000 r-xp 00000000 08:02 5116279                    /usr/lib/x86_64-linux-gnu/libv4l2.so.0.0.0
7f53a3bf5000-7f53a3df4000 ---p 00009000 08:02 5116279                    /usr/lib/x86_64-linux-gnu/libv4l2.so.0.0.0
7f53a3df4000-7f53a3df5000 r--p 00008000 08:02 5116279                    /usr/lib/x86_64-linux-gnu/libv4l2.so.0.0.0
7f53a3df5000-7f53a3dfa000 rw-p 00009000 08:02 5116279                    /usr/lib/x86_64-linux-gnu/libv4l2.so.0.0.0
7f53a3dfa000-7f53a3dff000 r-xp 00000000 08:02 3932290                    /tmp/BridJExtractedLibraries5238783601016951512/OpenIMAJGrabber.so
7f53a3dff000-7f53a3ffe000 ---p 00005000 08:02 3932290                    /tmp/BridJExtractedLibraries5238783601016951512/OpenIMAJGrabber.so
7f53a3ffe000-7f53a3fff000 r--p 00004000 08:02 3932290                    /tmp/BridJExtractedLibraries5238783601016951512/OpenIMAJGrabber.so
7f53a3fff000-7f53a4000000 rw-p 00005000 08:02 3932290                    /tmp/BridJExtractedLibraries5238783601016951512/OpenIMAJGrabber.so
7f53a4000000-7f53a4021000 rw-p 00000000 00:00 0 
7f53a4021000-7f53a8000000 ---p 00000000 00:00 0 
7f53a8000000-7f53a82c9000 rw-p 00000000 00:00 0 
7f53a82c9000-7f53ac000000 ---p 00000000 00:00 0 
7f53ac000000-7f53ac021000 rw-p 00000000 00:00 0 
7f53ac021000-7f53b0000000 ---p 00000000 00:00 0 
7f53b0000000-7f53b0021000 rw-p 00000000 00:00 0 
7f53b0021000-7f53b4000000 ---p 00000000 00:00 0 
7f53b4000000-7f53b424e000 rw-p 00000000 00:00 0 
7f53b424e000-7f53b8000000 ---p 00000000 00:00 0 
7f53b8000000-7f53b822d000 rw-p 00000000 00:00 0 
7f53b822d000-7f53bc000000 ---p 00000000 00:00 0 
7f53bc000000-7f53bc101000 rw-p 00000000 00:00 0 
7f53bc101000-7f53c0000000 ---p 00000000 00:00 0 
7f53c0000000-7f53c0184000 rw-p 00000000 00:00 0 
7f53c0184000-7f53c4000000 ---p 00000000 00:00 0 
7f53c4000000-7f53c4021000 rw-p 00000000 00:00 0 
7f53c4021000-7f53c8000000 ---p 00000000 00:00 0 
7f53c8000000-7f53c8023000 rw-p 00000000 00:00 0 
7f53c8023000-7f53cc000000 ---p 00000000 00:00 0 
7f53cc000000-7f53cc021000 rw-p 00000000 00:00 0 
7f53cc021000-7f53d0000000 ---p 00000000 00:00 0 
7f53d0000000-7f53d0021000 rw-p 00000000 00:00 0 
7f53d0021000-7f53d4000000 ---p 00000000 00:00 0 
7f53d4000000-7f53d4021000 rw-p 00000000 00:00 0 
7f53d4021000-7f53d8000000 ---p 00000000 00:00 0 
7f53d8050000-7f53d805d000 rw-s 00027000 00:06 13875                      /dev/video0
7f53d805d000-7f53d806a000 rw-s 0001a000 00:06 13875                      /dev/video0
7f53d806a000-7f53d8077000 rw-s 0000d000 00:06 13875                      /dev/video0
7f53d8077000-7f53d8084000 rw-s 00000000 00:06 13875                      /dev/video0
7f53d8084000-7f53d80d0000 rw-p 00000000 00:00 0 
7f53d80d0000-7f53d80e0000 rwxp 00000000 00:00 0 
7f53d80e0000-7f53d80ed000 r--s 00000000 08:02 3932290                    /tmp/BridJExtractedLibraries5238783601016951512/OpenIMAJGrabber.so
7f53d80ed000-7f53d8106000 r-xp 00000000 08:02 3932288                    /tmp/BridJExtractedLibraries5238783601016951512/libbridj.so
7f53d8106000-7f53d8305000 ---p 00019000 08:02 3932288                    /tmp/BridJExtractedLibraries5238783601016951512/libbridj.so
7f53d8305000-7f53d8306000 r--p 00018000 08:02 3932288                    /tmp/BridJExtractedLibraries5238783601016951512/libbridj.so
7f53d8306000-7f53d8307000 rw-p 00019000 08:02 3932288                    /tmp/BridJExtractedLibraries5238783601016951512/libbridj.so
7f53d8307000-7f53d84d5000 r--s 03c06000 08:02 5506502                    /usr/lib/jvm/java-8-openjdk-amd64/jre/lib/rt.jar
7f53d84d5000-7f53d84e8000 r--s 00346000 08:02 5506501                    /usr/lib/jvm/java-8-openjdk-amd64/jre/lib/resources.jar
7f53d84e8000-7f53d84e9000 r--s 00000000 08:02 5506499                    /usr/lib/jvm/java-8-openjdk-amd64/jre/lib/management-agent.jar
7f53d84e9000-7f53d84ed000 r--s 0009a000 08:02 5506497                    /usr/lib/jvm/java-8-openjdk-amd64/jre/lib/jsse.jar
7f53d84ed000-7f53d84f0000 r--s 00015000 08:02 5506495                    /usr/lib/jvm/java-8-openjdk-amd64/jre/lib/jce.jar
7f53d84f0000-7f53d84f1000 r--s 00010000 08:02 5506485                    /usr/lib/jvm/java-8-openjdk-amd64/jre/lib/ext/zipfs.jar
7f53d84f1000-7f53d84f5000 r--s 00037000 08:02 5506484                    /usr/lib/jvm/java-8-openjdk-amd64/jre/lib/ext/sunpkcs11.jar
7f53d84f5000-7f53d84fa000 r--s 0003b000 08:02 5506483                    /usr/lib/jvm/java-8-openjdk-amd64/jre/lib/ext/sunjce_provider.jar
7f53d84fa000-7f53d84fc000 r--s 00008000 08:02 5506482                    /usr/lib/jvm/java-8-openjdk-amd64/jre/lib/ext/sunec.jar
7f53d84fc000-7f53d8517000 r--s 001d6000 08:02 5506481                    /usr/lib/jvm/java-8-openjdk-amd64/jre/lib/ext/nashorn.jar
7f53d8517000-7f53d8521000 r--s 00116000 08:02 5506480                    /usr/lib/jvm/java-8-openjdk-amd64/jre/lib/ext/localedata.jar
7f53d8521000-7f53d8523000 r--s 00007000 08:02 5899624                    /usr/share/java/java-atk-wrapper.jar
7f53d8523000-7f53d8524000 r--s 0000a000 08:02 5506479                    /usr/lib/jvm/java-8-openjdk-amd64/jre/lib/ext/jaccess.jar
7f53d8524000-7f53d8527000 r--s 0000f000 08:02 5506478                    /usr/lib/jvm/java-8-openjdk-amd64/jre/lib/ext/icedtea-sound.jar
7f53d8527000-7f53d8529000 r--s 00001000 08:02 5506477                    /usr/lib/jvm/java-8-openjdk-amd64/jre/lib/ext/dnsns.jar
7f53d8529000-7f53d8544000 r--s 00394000 08:02 5506476                    /usr/lib/jvm/java-8-openjdk-amd64/jre/lib/ext/cldrdata.jar
7f53d8544000-7f53d8549000 r--s 002f9000 08:02 5506468                    /usr/lib/jvm/java-8-openjdk-amd64/jre/lib/charsets.jar
7f53d8549000-7f53d854d000 r--s 0009a000 08:02 5506497                    /usr/lib/jvm/java-8-openjdk-amd64/jre/lib/jsse.jar
7f53d854d000-7f53d8550000 ---p 00000000 00:00 0 
7f53d8550000-7f53d864e000 rwxp 00000000 00:00 0 
7f53d864e000-7f53d8651000 ---p 00000000 00:00 0 
7f53d8651000-7f53d874f000 rwxp 00000000 00:00 0 
7f53d874f000-7f53d8760000 r-xp 00000000 08:02 5506458                    /usr/lib/jvm/java-8-openjdk-amd64/jre/lib/amd64/libnio.so
7f53d8760000-7f53d8960000 ---p 00011000 08:02 5506458                    /usr/lib/jvm/java-8-openjdk-amd64/jre/lib/amd64/libnio.so
7f53d8960000-7f53d8961000 r--p 00011000 08:02 5506458                    /usr/lib/jvm/java-8-openjdk-amd64/jre/lib/amd64/libnio.so
7f53d8961000-7f53d8962000 rw-p 00012000 08:02 5506458                    /usr/lib/jvm/java-8-openjdk-amd64/jre/lib/amd64/libnio.so
7f53d8962000-7f53d8963000 ---p 00000000 00:00 0 
7f53d8963000-7f53d8a63000 rwxp 00000000 00:00 0 
7f53d8a63000-7f53d8a66000 ---p 00000000 00:00 0 
7f53d8a66000-7f53d8b64000 rwxp 00000000 00:00 0 
7f53d8b64000-7f53d8e65000 rw-p 00000000 00:00 0 
7f53d8e65000-7f53d8e7c000 r-xp 00000000 08:02 5506457                    /usr/lib/jvm/java-8-openjdk-amd64/jre/lib/amd64/libnet.so
7f53d8e7c000-7f53d907b000 ---p 00017000 08:02 5506457                    /usr/lib/jvm/java-8-openjdk-amd64/jre/lib/amd64/libnet.so
7f53d907b000-7f53d907c000 r--p 00016000 08:02 5506457                    /usr/lib/jvm/java-8-openjdk-amd64/jre/lib/amd64/libnet.so
7f53d907c000-7f53d907d000 rw-p 00017000 08:02 5506457                    /usr/lib/jvm/java-8-openjdk-amd64/jre/lib/amd64/libnet.so
7f53d907d000-7f53d9080000 ---p 00000000 00:00 0 
7f53d9080000-7f53d917e000 rwxp 00000000 00:00 0 
7f53d917e000-7f53d9181000 ---p 00000000 00:00 0 
7f53d9181000-7f53d927f000 rwxp 00000000 00:00 0 
7f53d927f000-7f53d9282000 ---p 00000000 00:00 0 
7f53d9282000-7f53d9380000 rwxp 00000000 00:00 0 
7f53d9380000-7f53d9383000 ---p 00000000 00:00 0 
7f53d9383000-7f53d9481000 rwxp 00000000 00:00 0 
7f53d9481000-7f53d9484000 ---p 00000000 00:00 0 
7f53d9484000-7f53d9582000 rwxp 00000000 00:00 0 
7f53d9582000-7f53d9585000 r--s 00019000 08:12 70411                      /mnt/softwave/LinuxApps/ideaIU-2017.1-no-jdk/idea-IU-171.3780.107/lib/idea_rt.jar
7f53d9585000-7f53d9588000 r--s 000e4000 08:02 1455683                    /home/simqin/.m2/repository/net/java/dev/jna/jna/4.3.0/jna-4.3.0.jar
7f53d9588000-7f53d958a000 r--s 00005000 08:02 1321398                    /home/simqin/.m2/repository/org/slf4j/slf4j-api/1.7.2/slf4j-api-1.7.2.jar
7f53d958a000-7f53d9592000 r--s 000cf000 08:02 1321216                    /home/simqin/.m2/repository/com/nativelibs4java/bridj/0.6.2/bridj-0.6.2.jar
7f53d9592000-7f53d95a5000 r--s 00346000 08:02 5506501                    /usr/lib/jvm/java-8-openjdk-amd64/jre/lib/resources.jar
7f53d95a5000-7f53d95c0000 r--s 00394000 08:02 5506476                    /usr/lib/jvm/java-8-openjdk-amd64/jre/lib/ext/cldrdata.jar
7f53d95c0000-7f53d95c3000 ---p 00000000 00:00 0 
7f53d95c3000-7f53d96c1000 rwxp 00000000 00:00 0 
7f53d96c1000-7f53d97f1000 r--p 00000000 08:02 5506820                    /usr/lib/locale/aa_DJ.utf8/LC_COLLATE
7f53d97f1000-7f53d97f4000 ---p 00000000 00:00 0 
7f53d97f4000-7f53d98f2000 rwxp 00000000 00:00 0 
7f53d98f2000-7f53d98f5000 ---p 00000000 00:00 0 
7f53d98f5000-7f53d99f3000 rwxp 00000000 00:00 0 
7f53d99f3000-7f53d99f4000 ---p 00000000 00:00 0 
7f53d99f4000-7f53d9af4000 rwxp 00000000 00:00 0 
7f53d9af4000-7f53dbc8f000 rw-p 00000000 00:00 0 
7f53dbc8f000-7f53dbe0f000 ---p 00000000 00:00 0 
7f53dbe0f000-7f53e0000000 rw-p 00000000 00:00 0 
7f53e0000000-7f53e0021000 rw-p 00000000 00:00 0 
7f53e0021000-7f53e4000000 ---p 00000000 00:00 0 
7f53e4000000-7f53e4021000 rw-p 00000000 00:00 0 
7f53e4021000-7f53e8000000 ---p 00000000 00:00 0 
7f53e8000000-7f53e8021000 rw-p 00000000 00:00 0 
7f53e8021000-7f53ec000000 ---p 00000000 00:00 0 
7f53ec000000-7f53ec021000 rw-p 00000000 00:00 0 
7f53ec021000-7f53f0000000 ---p 00000000 00:00 0 
7f53f0000000-7f53f0021000 rw-p 00000000 00:00 0 
7f53f0021000-7f53f4000000 ---p 00000000 00:00 0 
7f53f4000000-7f53f4021000 rw-p 00000000 00:00 0 
7f53f4021000-7f53f8000000 ---p 00000000 00:00 0 
7f53f8000000-7f53f8021000 rw-p 00000000 00:00 0 
7f53f8021000-7f53fc000000 ---p 00000000 00:00 0 
7f53fc000000-7f53fc021000 rw-p 00000000 00:00 0 
7f53fc021000-7f5400000000 ---p 00000000 00:00 0 
7f5400000000-7f5400004000 r--s 00060000 08:02 1321202                    /home/simqin/.m2/repository/com/github/sarxos/webcam-capture/0.3.10/webcam-capture-0.3.10.jar
7f5400004000-7f5400005000 r--s 00000000 08:02 5506499                    /usr/lib/jvm/java-8-openjdk-amd64/jre/lib/management-agent.jar
7f5400005000-7f5400009000 r--s 0009a000 08:02 5506497                    /usr/lib/jvm/java-8-openjdk-amd64/jre/lib/jsse.jar
7f5400009000-7f540000c000 r--s 00015000 08:02 5506495                    /usr/lib/jvm/java-8-openjdk-amd64/jre/lib/jce.jar
7f540000c000-7f540000e000 r--s 00007000 08:02 5899624                    /usr/share/java/java-atk-wrapper.jar
7f540000e000-7f5400013000 r--s 002f9000 08:02 5506468                    /usr/lib/jvm/java-8-openjdk-amd64/jre/lib/charsets.jar
7f5400013000-7f5400018000 r--s 0003b000 08:02 5506483                    /usr/lib/jvm/java-8-openjdk-amd64/jre/lib/ext/sunjce_provider.jar
7f5400018000-7f5400022000 r--s 00116000 08:02 5506480                    /usr/lib/jvm/java-8-openjdk-amd64/jre/lib/ext/localedata.jar
7f5400022000-7f540003d000 r--s 001d6000 08:02 5506481                    /usr/lib/jvm/java-8-openjdk-amd64/jre/lib/ext/nashorn.jar
7f540003d000-7f540020b000 r--s 03c06000 08:02 5506502                    /usr/lib/jvm/java-8-openjdk-amd64/jre/lib/rt.jar
7f540020b000-7f5400281000 rw-p 00000000 00:00 0 
7f5400281000-7f5400282000 ---p 00000000 00:00 0 
7f5400282000-7f5400382000 rwxp 00000000 00:00 0 
7f5400382000-7f5400383000 ---p 00000000 00:00 0 
7f5400383000-7f5400483000 rwxp 00000000 00:00 0 
7f5400483000-7f5400484000 ---p 00000000 00:00 0 
7f5400484000-7f5400584000 rwxp 00000000 00:00 0 
7f5400584000-7f5400585000 ---p 00000000 00:00 0 
7f5400585000-7f5400685000 rwxp 00000000 00:00 0 
7f5400685000-7f5400686000 ---p 00000000 00:00 0 
7f5400686000-7f5400786000 rwxp 00000000 00:00 0 
7f5400786000-7f5400787000 ---p 00000000 00:00 0 
7f5400787000-7f5400887000 rwxp 00000000 00:00 0 
7f5400887000-7f5400888000 ---p 00000000 00:00 0 
7f5400888000-7f5400988000 rwxp 00000000 00:00 0 
7f5400988000-7f54009b2000 rw-p 00000000 00:00 0 
7f54009b2000-7f5400c1e000 ---p 00000000 00:00 0 
7f5400c1e000-7f5400c48000 rw-p 00000000 00:00 0 
7f5400c48000-7f5400eb4000 ---p 00000000 00:00 0 
7f5400eb4000-7f5400ec9000 rw-p 00000000 00:00 0 
7f5400ec9000-7f5400fff000 ---p 00000000 00:00 0 
7f5400fff000-7f5401000000 rw-p 00000000 00:00 0 
7f5401000000-7f5401290000 rwxp 00000000 00:00 0 
7f5401290000-7f5410000000 ---p 00000000 00:00 0 
7f5410000000-7f54105cc000 rw-p 00000000 00:00 0 
7f54105cc000-7f5414000000 ---p 00000000 00:00 0 
7f5414000000-7f5414001000 r--s 0000a000 08:02 5506479                    /usr/lib/jvm/java-8-openjdk-amd64/jre/lib/ext/jaccess.jar
7f5414001000-7f5414052000 r--p 00000000 08:02 5506822                    /usr/lib/locale/aa_DJ.utf8/LC_CTYPE
7f5414052000-7f5414053000 ---p 00000000 00:00 0 
7f5414053000-7f5414153000 rwxp 00000000 00:00 0 
7f5414153000-7f541415e000 rw-p 00000000 00:00 0 
7f541415e000-7f5414513000 ---p 00000000 00:00 0 
7f5414513000-7f541451b000 r-xp 00000000 08:02 5506465                    /usr/lib/jvm/java-8-openjdk-amd64/jre/lib/amd64/libzip.so
7f541451b000-7f541471a000 ---p 00008000 08:02 5506465                    /usr/lib/jvm/java-8-openjdk-amd64/jre/lib/amd64/libzip.so
7f541471a000-7f541471b000 r--p 00007000 08:02 5506465                    /usr/lib/jvm/java-8-openjdk-amd64/jre/lib/amd64/libzip.so
7f541471b000-7f541471c000 rw-p 00008000 08:02 5506465                    /usr/lib/jvm/java-8-openjdk-amd64/jre/lib/amd64/libzip.so
7f541471c000-7f5414726000 r-xp 00000000 08:02 6434176                    /lib/x86_64-linux-gnu/libnss_files-2.24.so
7f5414726000-7f5414926000 ---p 0000a000 08:02 6434176                    /lib/x86_64-linux-gnu/libnss_files-2.24.so
7f5414926000-7f5414927000 r--p 0000a000 08:02 6434176                    /lib/x86_64-linux-gnu/libnss_files-2.24.so
7f5414927000-7f5414928000 rw-p 0000b000 08:02 6434176                    /lib/x86_64-linux-gnu/libnss_files-2.24.so
7f5414928000-7f541492e000 rw-p 00000000 00:00 0 
7f541492e000-7f5414939000 r-xp 00000000 08:02 6434178                    /lib/x86_64-linux-gnu/libnss_nis-2.24.so
7f5414939000-7f5414b38000 ---p 0000b000 08:02 6434178                    /lib/x86_64-linux-gnu/libnss_nis-2.24.so
7f5414b38000-7f5414b39000 r--p 0000a000 08:02 6434178                    /lib/x86_64-linux-gnu/libnss_nis-2.24.so
7f5414b39000-7f5414b3a000 rw-p 0000b000 08:02 6434178                    /lib/x86_64-linux-gnu/libnss_nis-2.24.so
7f5414b3a000-7f5414b4e000 r-xp 00000000 08:02 6434173                    /lib/x86_64-linux-gnu/libnsl-2.24.so
7f5414b4e000-7f5414d4e000 ---p 00014000 08:02 6434173                    /lib/x86_64-linux-gnu/libnsl-2.24.so
7f5414d4e000-7f5414d4f000 r--p 00014000 08:02 6434173                    /lib/x86_64-linux-gnu/libnsl-2.24.so
7f5414d4f000-7f5414d50000 rw-p 00015000 08:02 6434173                    /lib/x86_64-linux-gnu/libnsl-2.24.so
7f5414d50000-7f5414d52000 rw-p 00000000 00:00 0 
7f5414d52000-7f5414d59000 r-xp 00000000 08:02 6434174                    /lib/x86_64-linux-gnu/libnss_compat-2.24.so
7f5414d59000-7f5414f58000 ---p 00007000 08:02 6434174                    /lib/x86_64-linux-gnu/libnss_compat-2.24.so
7f5414f58000-7f5414f59000 r--p 00006000 08:02 6434174                    /lib/x86_64-linux-gnu/libnss_compat-2.24.so
7f5414f59000-7f5414f5a000 rw-p 00007000 08:02 6434174                    /lib/x86_64-linux-gnu/libnss_compat-2.24.so
7f5414f5a000-7f5414f64000 r-xp 00000000 08:02 5506441                    /usr/lib/jvm/java-8-openjdk-amd64/jre/lib/amd64/libinstrument.so
7f5414f64000-7f5415163000 ---p 0000a000 08:02 5506441                    /usr/lib/jvm/java-8-openjdk-amd64/jre/lib/amd64/libinstrument.so
7f5415163000-7f5415164000 r--p 00009000 08:02 5506441                    /usr/lib/jvm/java-8-openjdk-amd64/jre/lib/amd64/libinstrument.so
7f5415164000-7f5415165000 rw-p 0000a000 08:02 5506441                    /usr/lib/jvm/java-8-openjdk-amd64/jre/lib/amd64/libinstrument.so
7f5415165000-7f5415192000 r-xp 00000000 08:02 5506446                    /usr/lib/jvm/java-8-openjdk-amd64/jre/lib/amd64/libjava.so
7f5415192000-7f5415391000 ---p 0002d000 08:02 5506446                    /usr/lib/jvm/java-8-openjdk-amd64/jre/lib/amd64/libjava.so
7f5415391000-7f5415392000 r--p 0002c000 08:02 5506446                    /usr/lib/jvm/java-8-openjdk-amd64/jre/lib/amd64/libjava.so
7f5415392000-7f5415394000 rw-p 0002d000 08:02 5506446                    /usr/lib/jvm/java-8-openjdk-amd64/jre/lib/amd64/libjava.so
7f5415394000-7f54153a3000 r-xp 00000000 08:02 5506464                    /usr/lib/jvm/java-8-openjdk-amd64/jre/lib/amd64/libverify.so
7f54153a3000-7f54155a2000 ---p 0000f000 08:02 5506464                    /usr/lib/jvm/java-8-openjdk-amd64/jre/lib/amd64/libverify.so
7f54155a2000-7f54155a4000 r--p 0000e000 08:02 5506464                    /usr/lib/jvm/java-8-openjdk-amd64/jre/lib/amd64/libverify.so
7f54155a4000-7f54155a5000 rw-p 00010000 08:02 5506464                    /usr/lib/jvm/java-8-openjdk-amd64/jre/lib/amd64/libverify.so
7f54155a5000-7f54155ac000 r-xp 00000000 08:02 6434183                    /lib/x86_64-linux-gnu/librt-2.24.so
7f54155ac000-7f54157ab000 ---p 00007000 08:02 6434183                    /lib/x86_64-linux-gnu/librt-2.24.so
7f54157ab000-7f54157ac000 r--p 00006000 08:02 6434183                    /lib/x86_64-linux-gnu/librt-2.24.so
7f54157ac000-7f54157ad000 rw-p 00007000 08:02 6434183                    /lib/x86_64-linux-gnu/librt-2.24.so
7f54157ad000-7f54157c3000 r-xp 00000000 08:02 6424793                    /lib/x86_64-linux-gnu/libgcc_s.so.1
7f54157c3000-7f54159c2000 ---p 00016000 08:02 6424793                    /lib/x86_64-linux-gnu/libgcc_s.so.1
7f54159c2000-7f54159c3000 r--p 00015000 08:02 6424793                    /lib/x86_64-linux-gnu/libgcc_s.so.1
7f54159c3000-7f54159c4000 rw-p 00016000 08:02 6424793                    /lib/x86_64-linux-gnu/libgcc_s.so.1
7f54159c4000-7f5415ac7000 r-xp 00000000 08:02 6434170                    /lib/x86_64-linux-gnu/libm-2.24.so
7f5415ac7000-7f5415cc6000 ---p 00103000 08:02 6434170                    /lib/x86_64-linux-gnu/libm-2.24.so
7f5415cc6000-7f5415cc7000 r--p 00102000 08:02 6434170                    /lib/x86_64-linux-gnu/libm-2.24.so
7f5415cc7000-7f5415cc8000 rw-p 00103000 08:02 6434170                    /lib/x86_64-linux-gnu/libm-2.24.so
7f5415cc8000-7f5415e3a000 r-xp 00000000 08:02 5116789                    /usr/lib/x86_64-linux-gnu/libstdc++.so.6.0.22
7f5415e3a000-7f541603a000 ---p 00172000 08:02 5116789                    /usr/lib/x86_64-linux-gnu/libstdc++.so.6.0.22
7f541603a000-7f5416044000 r--p 00172000 08:02 5116789                    /usr/lib/x86_64-linux-gnu/libstdc++.so.6.0.22
7f5416044000-7f5416046000 rw-p 0017c000 08:02 5116789                    /usr/lib/x86_64-linux-gnu/libstdc++.so.6.0.22
7f5416046000-7f541604a000 rw-p 00000000 00:00 0 
7f541604a000-7f5416c9f000 r-xp 00000000 08:02 5506467                    /usr/lib/jvm/java-8-openjdk-amd64/jre/lib/amd64/server/libjvm.so
7f5416c9f000-7f5416e9f000 ---p 00c55000 08:02 5506467                    /usr/lib/jvm/java-8-openjdk-amd64/jre/lib/amd64/server/libjvm.so
7f5416e9f000-7f5416f32000 r--p 00c55000 08:02 5506467                    /usr/lib/jvm/java-8-openjdk-amd64/jre/lib/amd64/server/libjvm.so
7f5416f32000-7f5416f5b000 rw-p 00ce8000 08:02 5506467                    /usr/lib/jvm/java-8-openjdk-amd64/jre/lib/amd64/server/libjvm.so
7f5416f5b000-7f5416f8b000 rw-p 00000000 00:00 0 
7f5416f8b000-7f5417120000 r-xp 00000000 08:02 6434166                    /lib/x86_64-linux-gnu/libc-2.24.so
7f5417120000-7f541731f000 ---p 00195000 08:02 6434166                    /lib/x86_64-linux-gnu/libc-2.24.so
7f541731f000-7f5417323000 r--p 00194000 08:02 6434166                    /lib/x86_64-linux-gnu/libc-2.24.so
7f5417323000-7f5417325000 rw-p 00198000 08:02 6434166                    /lib/x86_64-linux-gnu/libc-2.24.so
7f5417325000-7f5417329000 rw-p 00000000 00:00 0 
7f5417329000-7f541732b000 r-xp 00000000 08:02 6434169                    /lib/x86_64-linux-gnu/libdl-2.24.so
7f541732b000-7f541752b000 ---p 00002000 08:02 6434169                    /lib/x86_64-linux-gnu/libdl-2.24.so
7f541752b000-7f541752c000 r--p 00002000 08:02 6434169                    /lib/x86_64-linux-gnu/libdl-2.24.so
7f541752c000-7f541752d000 rw-p 00003000 08:02 6434169                    /lib/x86_64-linux-gnu/libdl-2.24.so
7f541752d000-7f541753a000 r-xp 00000000 08:02 5506432                    /usr/lib/jvm/java-8-openjdk-amd64/jre/lib/amd64/jli/libjli.so
7f541753a000-7f541773a000 ---p 0000d000 08:02 5506432                    /usr/lib/jvm/java-8-openjdk-amd64/jre/lib/amd64/jli/libjli.so
7f541773a000-7f541773b000 r--p 0000d000 08:02 5506432                    /usr/lib/jvm/java-8-openjdk-amd64/jre/lib/amd64/jli/libjli.so
7f541773b000-7f541773c000 rw-p 0000e000 08:02 5506432                    /usr/lib/jvm/java-8-openjdk-amd64/jre/lib/amd64/jli/libjli.so
7f541773c000-7f5417755000 r-xp 00000000 08:02 6424681                    /lib/x86_64-linux-gnu/libz.so.1.2.8
7f5417755000-7f5417954000 ---p 00019000 08:02 6424681                    /lib/x86_64-linux-gnu/libz.so.1.2.8
7f5417954000-7f5417955000 r--p 00018000 08:02 6424681                    /lib/x86_64-linux-gnu/libz.so.1.2.8
7f5417955000-7f5417956000 rw-p 00019000 08:02 6424681                    /lib/x86_64-linux-gnu/libz.so.1.2.8
7f5417956000-7f541796e000 r-xp 00000000 08:02 6434181                    /lib/x86_64-linux-gnu/libpthread-2.24.so
7f541796e000-7f5417b6d000 ---p 00018000 08:02 6434181                    /lib/x86_64-linux-gnu/libpthread-2.24.so
7f5417b6d000-7f5417b6e000 r--p 00017000 08:02 6434181                    /lib/x86_64-linux-gnu/libpthread-2.24.so
7f5417b6e000-7f5417b6f000 rw-p 00018000 08:02 6434181                    /lib/x86_64-linux-gnu/libpthread-2.24.so
7f5417b6f000-7f5417b73000 rw-p 00000000 00:00 0 
7f5417b73000-7f5417b96000 r-xp 00000000 08:02 6424481                    /lib/x86_64-linux-gnu/ld-2.24.so
7f5417b96000-7f5417b98000 r--s 00007000 08:02 5899624                    /usr/share/java/java-atk-wrapper.jar
7f5417b98000-7f5417b9a000 r--s 00008000 08:02 5506482                    /usr/lib/jvm/java-8-openjdk-amd64/jre/lib/ext/sunec.jar
7f5417b9a000-7f5417b9b000 r--s 00010000 08:02 5506485                    /usr/lib/jvm/java-8-openjdk-amd64/jre/lib/ext/zipfs.jar
7f5417b9b000-7f5417b9e000 r--s 0000f000 08:02 5506478                    /usr/lib/jvm/java-8-openjdk-amd64/jre/lib/ext/icedtea-sound.jar
7f5417b9e000-7f5417c6d000 rw-p 00000000 00:00 0 
7f5417c6d000-7f5417c70000 ---p 00000000 00:00 0 
7f5417c70000-7f5417d6e000 rwxp 00000000 00:00 0 
7f5417d6e000-7f5417d72000 rw-p 00000000 00:00 0 
7f5417d72000-7f5417d74000 r--s 00001000 08:02 5506477                    /usr/lib/jvm/java-8-openjdk-amd64/jre/lib/ext/dnsns.jar
7f5417d74000-7f5417d78000 r--s 00037000 08:02 5506484                    /usr/lib/jvm/java-8-openjdk-amd64/jre/lib/ext/sunpkcs11.jar
7f5417d78000-7f5417d79000 r--p 00000000 08:02 5506845                    /usr/lib/locale/aa_ET/LC_NUMERIC
7f5417d79000-7f5417d7a000 r--p 00000000 08:02 5659805                    /usr/lib/locale/en_US.utf8/LC_TIME
7f5417d7a000-7f5417d7b000 r--p 00000000 08:02 5506854                    /usr/lib/locale/chr_US/LC_MONETARY
7f5417d7b000-7f5417d7c000 r--p 00000000 08:02 5659648                    /usr/lib/locale/en_AG/LC_MESSAGES/SYS_LC_MESSAGES
7f5417d7c000-7f5417d7d000 r--p 00000000 08:02 5506856                    /usr/lib/locale/chr_US/LC_PAPER
7f5417d7d000-7f5417d7e000 r--p 00000000 08:02 5506855                    /usr/lib/locale/chr_US/LC_NAME
7f5417d7e000-7f5417d7f000 r--p 00000000 08:02 5659803                    /usr/lib/locale/en_US.utf8/LC_ADDRESS
7f5417d7f000-7f5417d80000 r--p 00000000 08:02 5506857                    /usr/lib/locale/chr_US/LC_TELEPHONE
7f5417d80000-7f5417d81000 r--p 00000000 08:02 5506851                    /usr/lib/locale/chr_US/LC_MEASUREMENT
7f5417d81000-7f5417d88000 r--s 00000000 08:02 5382774                    /usr/lib/x86_64-linux-gnu/gconv/gconv-modules.cache
7f5417d88000-7f5417d89000 r--p 00000000 08:02 5659804                    /usr/lib/locale/en_US.utf8/LC_IDENTIFICATION
7f5417d89000-7f5417d91000 rw-s 00000000 08:02 3932269                    /tmp/hsperfdata_simqin/12337
7f5417d91000-7f5417d92000 rw-p 00000000 00:00 0 
7f5417d92000-7f5417d93000 r--p 00000000 00:00 0 
7f5417d93000-7f5417d96000 rw-p 00000000 00:00 0 
7f5417d96000-7f5417d97000 r--p 00023000 08:02 6424481                    /lib/x86_64-linux-gnu/ld-2.24.so
7f5417d97000-7f5417d98000 rw-p 00024000 08:02 6424481                    /lib/x86_64-linux-gnu/ld-2.24.so
7f5417d98000-7f5417d99000 rw-p 00000000 00:00 0 
7ffffa091000-7ffffa0b0000 rwxp 00000000 00:00 0                          [stack]
7ffffa0b0000-7ffffa0b2000 rw-p 00000000 00:00 0 
7ffffa0f8000-7ffffa0fa000 r--p 00000000 00:00 0                          [vvar]
7ffffa0fa000-7ffffa0fc000 r-xp 00000000 00:00 0                          [vdso]
ffffffffff600000-ffffffffff601000 r-xp 00000000 00:00 0                  [vsyscall]

VM Arguments:
jvm_args: -javaagent:/mnt/softwave/LinuxApps/ideaIU-2017.1-no-jdk/idea-IU-171.3780.107/lib/idea_rt.jar=34327:/mnt/softwave/LinuxApps/ideaIU-2017.1-no-jdk/idea-IU-171.3780.107/bin -Dfile.encoding=UTF-8 
java_command: Demo.NIO_2J_more.NIO_more_Server
java_class_path (initial): /usr/lib/jvm/java-1.8.0-openjdk-amd64/jre/lib/charsets.jar:/usr/lib/jvm/java-1.8.0-openjdk-amd64/jre/lib/ext/cldrdata.jar:/usr/lib/jvm/java-1.8.0-openjdk-amd64/jre/lib/ext/dnsns.jar:/usr/lib/jvm/java-1.8.0-openjdk-amd64/jre/lib/ext/icedtea-sound.jar:/usr/lib/jvm/java-1.8.0-openjdk-amd64/jre/lib/ext/jaccess.jar:/usr/lib/jvm/java-1.8.0-openjdk-amd64/jre/lib/ext/java-atk-wrapper.jar:/usr/lib/jvm/java-1.8.0-openjdk-amd64/jre/lib/ext/localedata.jar:/usr/lib/jvm/java-1.8.0-openjdk-amd64/jre/lib/ext/nashorn.jar:/usr/lib/jvm/java-1.8.0-openjdk-amd64/jre/lib/ext/sunec.jar:/usr/lib/jvm/java-1.8.0-openjdk-amd64/jre/lib/ext/sunjce_provider.jar:/usr/lib/jvm/java-1.8.0-openjdk-amd64/jre/lib/ext/sunpkcs11.jar:/usr/lib/jvm/java-1.8.0-openjdk-amd64/jre/lib/ext/zipfs.jar:/usr/lib/jvm/java-1.8.0-openjdk-amd64/jre/lib/jce.jar:/usr/lib/jvm/java-1.8.0-openjdk-amd64/jre/lib/jsse.jar:/usr/lib/jvm/java-1.8.0-openjdk-amd64/jre/lib/management-agent.jar:/usr/lib/jvm/java-1.8.0-openjdk-amd64/jre/lib/resources.jar:/usr/lib/jvm/java-1.8.0-openjdk-amd64/jre/lib/rt.jar:/mnt/work/UPC_JTDC/target/test-classes:/mnt/work/UPC_JTDC/target/classes:/home/simqin/.m2/repository/com/github/sarxos/webcam-capture/0.3.10/webcam-capture-0.3.10.jar:/home/simqin/.m2/repository/com/nativelibs4java/bridj/0.6.2/bridj-0.6.2.jar:/home/simqin/.m2/repository/org/slf4j/slf4j-api/1.7.2/slf4j-api-1.7.2.jar:/home/simqin/.m2/repository/net/java/dev/jna/jna/4.3.0/jna-4.3.0.jar:/mnt/softwave/LinuxApps/ideaIU-2017.1-no-jdk/idea-IU-171.3780.107/lib/idea_rt.jar
Launcher Type: SUN_STANDARD

Environment Variables:
PATH=/usr/local/bin:/usr/bin:/bin:/usr/local/games:/usr/games
USERNAME=simqin
LD_LIBRARY_PATH=/mnt/softwave/LinuxApps/ideaIU-2017.1-no-jdk/idea-IU-171.3780.107/bin:
SHELL=/bin/zsh
DISPLAY=:1

Signal Handlers:
SIGSEGV: [libjvm.so+0xa6c7e0], sa_mask[0]=11111111011111111101111111111110, sa_flags=SA_RESTART|SA_SIGINFO
SIGBUS: [libjvm.so+0xa6c7e0], sa_mask[0]=11111111011111111101111111111110, sa_flags=SA_RESTART|SA_SIGINFO
SIGFPE: [libjvm.so+0x8b64a0], sa_mask[0]=11111111011111111101111111111110, sa_flags=SA_RESTART|SA_SIGINFO
SIGPIPE: [libjvm.so+0x8b64a0], sa_mask[0]=11111111011111111101111111111110, sa_flags=SA_RESTART|SA_SIGINFO
SIGXFSZ: [libjvm.so+0x8b64a0], sa_mask[0]=11111111011111111101111111111110, sa_flags=SA_RESTART|SA_SIGINFO
SIGILL: [libjvm.so+0x8b64a0], sa_mask[0]=11111111011111111101111111111110, sa_flags=SA_RESTART|SA_SIGINFO
SIGUSR1: SIG_DFL, sa_mask[0]=00000000000000000000000000000000, sa_flags=none
SIGUSR2: [libjvm.so+0x8b6350], sa_mask[0]=00100000000000000000000000000000, sa_flags=SA_RESTART|SA_SIGINFO
SIGHUP: [libjvm.so+0x8b6800], sa_mask[0]=11111111011111111101111111111110, sa_flags=SA_RESTART|SA_SIGINFO
SIGINT: [libjvm.so+0x8b6800], sa_mask[0]=11111111011111111101111111111110, sa_flags=SA_RESTART|SA_SIGINFO
SIGTERM: [libjvm.so+0x8b6800], sa_mask[0]=11111111011111111101111111111110, sa_flags=SA_RESTART|SA_SIGINFO
SIGQUIT: [libjvm.so+0x8b6800], sa_mask[0]=11111111011111111101111111111110, sa_flags=SA_RESTART|SA_SIGINFO


---------------  S Y S T E M  ---------------

OS:DISTRIB_ID=Kali
DISTRIB_RELEASE=kali-rolling
DISTRIB_CODENAME=kali-rolling
DISTRIB_DESCRIPTION="Kali GNU/Linux Rolling"

uname:Linux 4.9.0-kali3-amd64 #1 SMP Debian 4.9.18-1kali1 (2017-04-04) x86_64
libc:glibc 2.24 NPTL 2.24 
rlimit: STACK 8192k, CORE 0k, NPROC 31493, NOFILE 65536, AS infinity
load average:2.05 1.65 1.55

/proc/meminfo:
MemTotal:        8131568 kB
MemFree:          947644 kB
MemAvailable:    4550536 kB
Buffers:         1634416 kB
Cached:          2168304 kB
SwapCached:            0 kB
Active:          3102780 kB
Inactive:        3657604 kB
Active(anon):    2365620 kB
Inactive(anon):   627820 kB
Active(file):     737160 kB
Inactive(file):  3029784 kB
Unevictable:         172 kB
Mlocked:             172 kB
SwapTotal:       8341500 kB
SwapFree:        8341500 kB
Dirty:              9220 kB
Writeback:             0 kB
AnonPages:       2958136 kB
Mapped:           543912 kB
Shmem:             35764 kB
Slab:             189744 kB
SReclaimable:     121748 kB
SUnreclaim:        67996 kB
KernelStack:       14268 kB
PageTables:        51172 kB
NFS_Unstable:          0 kB
Bounce:                0 kB
WritebackTmp:          0 kB
CommitLimit:    12407284 kB
Committed_AS:   11324292 kB
VmallocTotal:   34359738367 kB
VmallocUsed:           0 kB
VmallocChunk:          0 kB
HardwareCorrupted:     0 kB
AnonHugePages:         0 kB
ShmemHugePages:        0 kB
ShmemPmdMapped:        0 kB
HugePages_Total:       0
HugePages_Free:        0
HugePages_Rsvd:        0
HugePages_Surp:        0
Hugepagesize:       2048 kB
DirectMap4k:     1643024 kB
DirectMap2M:     6699008 kB
DirectMap1G:           0 kB


CPU:total 8 (4 cores per cpu, 2 threads per core) family 6 model 94 stepping 3, cmov, cx8, fxsr, mmx, sse, sse2, sse3, ssse3, sse4.1, sse4.2, popcnt, avx, avx2, aes, clmul, erms, rtm, 3dnowpref, lzcnt, ht, tsc, tscinvbit, bmi1, bmi2, adx

/proc/cpuinfo:
processor	: 0
vendor_id	: GenuineIntel
cpu family	: 6
model		: 94
model name	: Intel(R) Core(TM) i7-6700HQ CPU @ 2.60GHz
stepping	: 3
microcode	: 0x9e
cpu MHz		: 3099.877
cache size	: 6144 KB
physical id	: 0
siblings	: 8
core id		: 0
cpu cores	: 4
apicid		: 0
initial apicid	: 0
fpu		: yes
fpu_exception	: yes
cpuid level	: 22
wp		: yes
flags		: fpu vme de pse tsc msr pae mce cx8 apic sep mtrr pge mca cmov pat pse36 clflush dts acpi mmx fxsr sse sse2 ss ht tm pbe syscall nx pdpe1gb rdtscp lm constant_tsc art arch_perfmon pebs bts rep_good nopl xtopology nonstop_tsc aperfmperf eagerfpu pni pclmulqdq dtes64 monitor ds_cpl vmx est tm2 ssse3 sdbg fma cx16 xtpr pdcm pcid sse4_1 sse4_2 x2apic movbe popcnt tsc_deadline_timer aes xsave avx f16c rdrand lahf_lm abm 3dnowprefetch epb intel_pt tpr_shadow vnmi flexpriority ept vpid fsgsbase tsc_adjust bmi1 hle avx2 smep bmi2 erms invpcid rtm mpx rdseed adx smap clflushopt xsaveopt xsavec xgetbv1 xsaves dtherm ida arat pln pts hwp hwp_notify hwp_act_window hwp_epp
bugs		:
bogomips	: 5184.00
clflush size	: 64
cache_alignment	: 64
address sizes	: 39 bits physical, 48 bits virtual
power management:

processor	: 1
vendor_id	: GenuineIntel
cpu family	: 6
model		: 94
model name	: Intel(R) Core(TM) i7-6700HQ CPU @ 2.60GHz
stepping	: 3
microcode	: 0x9e
cpu MHz		: 3101.147
cache size	: 6144 KB
physical id	: 0
siblings	: 8
core id		: 1
cpu cores	: 4
apicid		: 2
initial apicid	: 2
fpu		: yes
fpu_exception	: yes
cpuid level	: 22
wp		: yes
flags		: fpu vme de pse tsc msr pae mce cx8 apic sep mtrr pge mca cmov pat pse36 clflush dts acpi mmx fxsr sse sse2 ss ht tm pbe syscall nx pdpe1gb rdtscp lm constant_tsc art arch_perfmon pebs bts rep_good nopl xtopology nonstop_tsc aperfmperf eagerfpu pni pclmulqdq dtes64 monitor ds_cpl vmx est tm2 ssse3 sdbg fma cx16 xtpr pdcm pcid sse4_1 sse4_2 x2apic movbe popcnt tsc_deadline_timer aes xsave avx f16c rdrand lahf_lm abm 3dnowprefetch epb intel_pt tpr_shadow vnmi flexpriority ept vpid fsgsbase tsc_adjust bmi1 hle avx2 smep bmi2 erms invpcid rtm mpx rdseed adx smap clflushopt xsaveopt xsavec xgetbv1 xsaves dtherm ida arat pln pts hwp hwp_notify hwp_act_window hwp_epp
bugs		:
bogomips	: 5184.73
clflush size	: 64
cache_alignment	: 64
address sizes	: 39 bits physical, 48 bits virtual
power management:

processor	: 2
vendor_id	: GenuineIntel
cpu family	: 6
model		: 94
model name	: Intel(R) Core(TM) i7-6700HQ CPU @ 2.60GHz
stepping	: 3
microcode	: 0x9e
cpu MHz		: 3101.147
cache size	: 6144 KB
physical id	: 0
siblings	: 8
core id		: 2
cpu cores	: 4
apicid		: 4
initial apicid	: 4
fpu		: yes
fpu_exception	: yes
cpuid level	: 22
wp		: yes
flags		: fpu vme de pse tsc msr pae mce cx8 apic sep mtrr pge mca cmov pat pse36 clflush dts acpi mmx fxsr sse sse2 ss ht tm pbe syscall nx pdpe1gb rdtscp lm constant_tsc art arch_perfmon pebs bts rep_good nopl xtopology nonstop_tsc aperfmperf eagerfpu pni pclmulqdq dtes64 monitor ds_cpl vmx est tm2 ssse3 sdbg fma cx16 xtpr pdcm pcid sse4_1 sse4_2 x2apic movbe popcnt tsc_deadline_timer aes xsave avx f16c rdrand lahf_lm abm 3dnowprefetch epb intel_pt tpr_shadow vnmi flexpriority ept vpid fsgsbase tsc_adjust bmi1 hle avx2 smep bmi2 erms invpcid rtm mpx rdseed adx smap clflushopt xsaveopt xsavec xgetbv1 xsaves dtherm ida arat pln pts hwp hwp_notify hwp_act_window hwp_epp
bugs		:
bogomips	: 5184.76
clflush size	: 64
cache_alignment	: 64
address sizes	: 39 bits physical, 48 bits virtual
power management:

processor	: 3
vendor_id	: GenuineIntel
cpu family	: 6
model		: 94
model name	: Intel(R) Core(TM) i7-6700HQ CPU @ 2.60GHz
stepping	: 3
microcode	: 0x9e
cpu MHz		: 3099.877
cache size	: 6144 KB
physical id	: 0
siblings	: 8
core id		: 3
cpu cores	: 4
apicid		: 6
initial apicid	: 6
fpu		: yes
fpu_exception	: yes
cpuid level	: 22
wp		: yes
flags		: fpu vme de pse tsc msr pae mce cx8 apic sep mtrr pge mca cmov pat pse36 clflush dts acpi mmx fxsr sse sse2 ss ht tm pbe syscall nx pdpe1gb rdtscp lm constant_tsc art arch_perfmon pebs bts rep_good nopl xtopology nonstop_tsc aperfmperf eagerfpu pni pclmulqdq dtes64 monitor ds_cpl vmx est tm2 ssse3 sdbg fma cx16 xtpr pdcm pcid sse4_1 sse4_2 x2apic movbe popcnt tsc_deadline_timer aes xsave avx f16c rdrand lahf_lm abm 3dnowprefetch epb intel_pt tpr_shadow vnmi flexpriority ept vpid fsgsbase tsc_adjust bmi1 hle avx2 smep bmi2 erms invpcid rtm mpx rdseed adx smap clflushopt xsaveopt xsavec xgetbv1 xsaves dtherm ida arat pln pts hwp hwp_notify hwp_act_window hwp_epp
bugs		:
bogomips	: 5184.75
clflush size	: 64
cache_alignment	: 64
address sizes	: 39 bits physical, 48 bits virtual
power management:

processor	: 4
vendor_id	: GenuineIntel
cpu family	: 6
model		: 94
model name	: Intel(R) Core(TM) i7-6700HQ CPU @ 2.60GHz
stepping	: 3
microcode	: 0x9e
cpu MHz		: 3100.354
cache size	: 6144 KB
physical id	: 0
siblings	: 8
core id		: 0
cpu cores	: 4
apicid		: 1
initial apicid	: 1
fpu		: yes
fpu_exception	: yes
cpuid level	: 22
wp		: yes
flags		: fpu vme de pse tsc msr pae mce cx8 apic sep mtrr pge mca cmov pat pse36 clflush dts acpi mmx fxsr sse sse2 ss ht tm pbe syscall nx pdpe1gb rdtscp lm constant_tsc art arch_perfmon pebs bts rep_good nopl xtopology nonstop_tsc aperfmperf eagerfpu pni pclmulqdq dtes64 monitor ds_cpl vmx est tm2 ssse3 sdbg fma cx16 xtpr pdcm pcid sse4_1 sse4_2 x2apic movbe popcnt tsc_deadline_timer aes xsave avx f16c rdrand lahf_lm abm 3dnowprefetch epb intel_pt tpr_shadow vnmi flexpriority ept vpid fsgsbase tsc_adjust bmi1 hle avx2 smep bmi2 erms invpcid rtm mpx rdseed adx smap clflushopt xsaveopt xsavec xgetbv1 xsaves dtherm ida arat pln pts hwp hwp_notify hwp_act_window hwp_epp
bugs		:
bogomips	: 5184.99
clflush size	: 64
cache_alignment	: 64
address sizes	: 39 bits physical, 48 bits virtual
power management:

processor	: 5
vendor_id	: GenuineIntel
cpu family	: 6
model		: 94
model name	: Intel(R) Core(TM) i7-6700HQ CPU @ 2.60GHz
stepping	: 3
microcode	: 0x9e
cpu MHz		: 3102.575
cache size	: 6144 KB
physical id	: 0
siblings	: 8
core id		: 1
cpu cores	: 4
apicid		: 3
initial apicid	: 3
fpu		: yes
fpu_exception	: yes
cpuid level	: 22
wp		: yes
flags		: fpu vme de pse tsc msr pae mce cx8 apic sep mtrr pge mca cmov pat pse36 clflush dts acpi mmx fxsr sse sse2 ss ht tm pbe syscall nx pdpe1gb rdtscp lm constant_tsc art arch_perfmon pebs bts rep_good nopl xtopology nonstop_tsc aperfmperf eagerfpu pni pclmulqdq dtes64 monitor ds_cpl vmx est tm2 ssse3 sdbg fma cx16 xtpr pdcm pcid sse4_1 sse4_2 x2apic movbe popcnt tsc_deadline_timer aes xsave avx f16c rdrand lahf_lm abm 3dnowprefetch epb intel_pt tpr_shadow vnmi flexpriority ept vpid fsgsbase tsc_adjust bmi1 hle avx2 smep bmi2 erms invpcid rtm mpx rdseed adx smap clflushopt xsaveopt xsavec xgetbv1 xsaves dtherm ida arat pln pts hwp hwp_notify hwp_act_window hwp_epp
bugs		:
bogomips	: 5184.80
clflush size	: 64
cache_alignment	: 64
address sizes	: 39 bits physical, 48 bits virtual
power management:

processor	: 6
vendor_id	: GenuineIntel
cpu family	: 6
model		: 94
model name	: Intel(R) Core(TM) i7-6700HQ CPU @ 2.60GHz
stepping	: 3
microcode	: 0x9e
cpu MHz		: 3117.968
cache size	: 6144 KB
physical id	: 0
siblings	: 8
core id		: 2
cpu cores	: 4
apicid		: 5
initial apicid	: 5
fpu		: yes
fpu_exception	: yes
cpuid level	: 22
wp		: yes
flags		: fpu vme de pse tsc msr pae mce cx8 apic sep mtrr pge mca cmov pat pse36 clflush dts acpi mmx fxsr sse sse2 ss ht tm pbe syscall nx pdpe1gb rdtscp lm constant_tsc art arch_perfmon pebs bts rep_good nopl xtopology nonstop_tsc aperfmperf eagerfpu pni pclmulqdq dtes64 monitor ds_cpl vmx est tm2 ssse3 sdbg fma cx16 xtpr pdcm pcid sse4_1 sse4_2 x2apic movbe popcnt tsc_deadline_timer aes xsave avx f16c rdrand lahf_lm abm 3dnowprefetch epb intel_pt tpr_shadow vnmi flexpriority ept vpid fsgsbase tsc_adjust bmi1 hle avx2 smep bmi2 erms invpcid rtm mpx rdseed adx smap clflushopt xsaveopt xsavec xgetbv1 xsaves dtherm ida arat pln pts hwp hwp_notify hwp_act_window hwp_epp
bugs		:
bogomips	: 5184.74
clflush size	: 64
cache_alignment	: 64
address sizes	: 39 bits physical, 48 bits virtual
power management:

processor	: 7
vendor_id	: GenuineIntel
cpu family	: 6
model		: 94
model name	: Intel(R) Core(TM) i7-6700HQ CPU @ 2.60GHz
stepping	: 3
microcode	: 0x9e
cpu MHz		: 3102.258
cache size	: 6144 KB
physical id	: 0
siblings	: 8
core id		: 3
cpu cores	: 4
apicid		: 7
initial apicid	: 7
fpu		: yes
fpu_exception	: yes
cpuid level	: 22
wp		: yes
flags		: fpu vme de pse tsc msr pae mce cx8 apic sep mtrr pge mca cmov pat pse36 clflush dts acpi mmx fxsr sse sse2 ss ht tm pbe syscall nx pdpe1gb rdtscp lm constant_tsc art arch_perfmon pebs bts rep_good nopl xtopology nonstop_tsc aperfmperf eagerfpu pni pclmulqdq dtes64 monitor ds_cpl vmx est tm2 ssse3 sdbg fma cx16 xtpr pdcm pcid sse4_1 sse4_2 x2apic movbe popcnt tsc_deadline_timer aes xsave avx f16c rdrand lahf_lm abm 3dnowprefetch epb intel_pt tpr_shadow vnmi flexpriority ept vpid fsgsbase tsc_adjust bmi1 hle avx2 smep bmi2 erms invpcid rtm mpx rdseed adx smap clflushopt xsaveopt xsavec xgetbv1 xsaves dtherm ida arat pln pts hwp hwp_notify hwp_act_window hwp_epp
bugs		:
bogomips	: 5184.77
clflush size	: 64
cache_alignment	: 64
address sizes	: 39 bits physical, 48 bits virtual
power management:



Memory: 4k page, physical 8131568k(947024k free), swap 8341500k(8341500k free)

vm_info: OpenJDK 64-Bit Server VM (25.121-b13) for linux-amd64 JRE (1.8.0_121-8u121-b13-4-b13), built on Mar  3 2017 17:46:54 by "buildd" with gcc 6.3.0 20170221

time: Sun Apr  9 15:43:53 2017
elapsed time: 0 seconds (0d 0h 0m 0s)

