#
# A fatal error has been detected by the Java Runtime Environment:
#
#  SIGSEGV (0xb) at pc=0x00007fa23eae0023, pid=12491, tid=0x00007fa23f1cc700
#
# JRE version: OpenJDK Runtime Environment (8.0_121-b13) (build 1.8.0_121-8u121-b13-4-b13)
# Java VM: OpenJDK 64-Bit Server VM (25.121-b13 mixed mode linux-amd64 compressed oops)
# Problematic frame:
# C  [OpenIMAJGrabber.so+0x2023]  OpenIMAJGrabber::nextFrame()+0x1b
#
# Failed to write core dump. Core dumps have been disabled. To enable core dumping, try "ulimit -c unlimited" before starting Java again
#
# If you would like to submit a bug report, please visit:
#   http://bugreport.java.com/bugreport/crash.jsp
# The crash happened outside the Java Virtual Machine in native code.
# See problematic frame for where to report the bug.
#

---------------  T H R E A D  ---------------

Current thread (0x00007fa220005800):  JavaThread "atomic-processor-1" daemon [_thread_in_native, id=12533, stack(0x00007fa23f0cc000,0x00007fa23f1cd000)]

siginfo: si_signo: 11 (SIGSEGV), si_code: 1 (SEGV_MAPERR), si_addr: 0x00000000000035e0

Registers:
RAX=0x0000000000000001, RBX=0x0000000000000000, RCX=0x0000000000000000, RDX=0x0000000000000000
RSP=0x00007fa23f1cb5d0, RBP=0x00000000000035e0, RSI=0x00007fa23f1cb490, RDI=0x0000000000000000
R8 =0x0000000000000000, R9 =0x00007fa23f1cb490, R10=0x00007fa23ead91a0, R11=0x0000000000000246
R12=0x0000000000000000, R13=0x00007fa2200059e0, R14=0x00007fa23f1cb798, R15=0x00007fa220005800
RIP=0x00007fa23eae0023, EFLAGS=0x0000000000010202, CSGSFS=0x002b000000000033, ERR=0x0000000000000004
  TRAPNO=0x000000000000000e

Top of Stack: (sp=0x00007fa23f1cb5d0)
0x00007fa23f1cb5d0:   00007fa23f1cb698 00007fa214260870
0x00007fa23f1cb5e0:   00007fa23f1cb5f8 00007fa23ecf7411
0x00007fa23f1cb5f0:   00007fa200000006 00007fa2141ad380
0x00007fa23f1cb600:   00007fa23f1cb698 00007fa23ecf4bdb
0x00007fa23f1cb610:   00007fa27666e828 00007fa27666e828
0x00007fa23f1cb620:   00007fa23f1cb720 0000000000000000
0x00007fa23f1cb630:   00007fa27666e828 00007fa23ecf6146
0x00007fa23f1cb640:   00007fa23f1cb690 00007fa21420d750
0x00007fa23f1cb650:   00007fa23f1cb6a0 00007fa23f1cb798
0x00007fa23f1cb660:   00007fa23f1cb698 00007fa23f1cb6c0
0x00007fa23f1cb670:   00007fa2141ad380 00007fa220002480
0x00007fa23f1cb680:   00007fa23f1cb710 00007fa23ecf7a72
0x00007fa23f1cb690:   0000000000000000 0000000000000000
0x00007fa23f1cb6a0:   00007fa23f1cb730 0000000000000002
0x00007fa23f1cb6b0:   00007fa2200059e0 00007fa23f1cb798
0x00007fa23f1cb6c0:   00007fa28dbba538 00007fa214004830
0x00007fa23f1cb6d0:   00007fa27666e828 0000000000000006
0x00007fa23f1cb6e0:   0000000000000000 00007fa2200020b0
0x00007fa23f1cb6f0:   0000000000000000 000000ff00000000
0x00007fa23f1cb700:   0000000000000000 62696c2f65726a2f
0x00007fa23f1cb710:   6a6e65706f2d382d 2f62696c2f727375
0x00007fa23f1cb720:   00007fa23f1cb778 00007fa277f85774
0x00007fa23f1cb730:   00007fa277f854c2 00007fa23f1cb738
0x00007fa23f1cb740:   00007fa27666e828 00007fa23f1cb798
0x00007fa23f1cb750:   00007fa2766702a0 0000000000000000
0x00007fa23f1cb760:   00007fa27666e828 0000000000000000
0x00007fa23f1cb770:   00007fa23f1cb798 00007fa23f1cb7e0
0x00007fa23f1cb780:   00007fa277f75a40 0000000000000000
0x00007fa23f1cb790:   00007fa277f7f276 00000000d8107750
0x00007fa23f1cb7a0:   00007fa23f1cb7a0 00007fa276781dbc
0x00007fa23f1cb7b0:   00007fa23f1cb838 00007fa276782ad0
0x00007fa23f1cb7c0:   0000000000000000 00007fa276781f08 

Instructions: (pc=0x00007fa23eae0023)
0x00007fa23eae0003:   02 00 00 5d c3 55 48 89 e5 48 83 ec 10 48 89 7d
0x00007fa23eae0013:   f8 48 8b 45 f8 48 8b 00 48 89 c7 e8 0d fa ff ff
0x00007fa23eae0023:   c9 c3 90 55 48 89 e5 48 89 7d f8 89 75 f4 48 8b
0x00007fa23eae0033:   45 f8 48 8b 00 8b 55 f4 89 90 f0 01 00 00 5d c3 

Register to memory mapping:

RAX=0x0000000000000001 is an unknown value
RBX=0x0000000000000000 is an unknown value
RCX=0x0000000000000000 is an unknown value
RDX=0x0000000000000000 is an unknown value
RSP=0x00007fa23f1cb5d0 is pointing into the stack for thread: 0x00007fa220005800
RBP=0x00000000000035e0 is an unknown value
RSI=0x00007fa23f1cb490 is pointing into the stack for thread: 0x00007fa220005800
RDI=0x0000000000000000 is an unknown value
R8 =0x0000000000000000 is an unknown value
R9 =0x00007fa23f1cb490 is pointing into the stack for thread: 0x00007fa220005800
R10=0x00007fa23ead91a0: <offset 0x2091a0> in /usr/lib/x86_64-linux-gnu/libv4l2.so.0 at 0x00007fa23e8d0000
R11=0x0000000000000246 is an unknown value
R12=0x0000000000000000 is an unknown value
R13=0x00007fa2200059e0 is an unknown value
R14=0x00007fa23f1cb798 is pointing into the stack for thread: 0x00007fa220005800
R15=0x00007fa220005800 is a thread


Stack: [0x00007fa23f0cc000,0x00007fa23f1cd000],  sp=0x00007fa23f1cb5d0,  free space=1021k
Native frames: (J=compiled Java code, j=interpreted, Vv=VM code, C=native code)
C  [OpenIMAJGrabber.so+0x2023]  OpenIMAJGrabber::nextFrame()+0x1b

Java frames: (J=compiled Java code, j=interpreted, Vv=VM code)
j  com.github.sarxos.webcam.ds.buildin.natives.OpenIMAJGrabber.nextFrame()I+0
j  com.github.sarxos.webcam.ds.buildin.WebcamDefaultDevice.open()V+484
j  com.github.sarxos.webcam.ds.cgt.WebcamOpenTask.handle()V+55
j  com.github.sarxos.webcam.WebcamProcessor$AtomicProcessor.run()V+14
j  java.util.concurrent.ThreadPoolExecutor.runWorker(Ljava/util/concurrent/ThreadPoolExecutor$Worker;)V+95
j  java.util.concurrent.ThreadPoolExecutor$Worker.run()V+5
j  java.lang.Thread.run()V+11
v  ~StubRoutines::call_stub

---------------  P R O C E S S  ---------------

Java Threads: ( => current thread )
  0x00007fa288370800 JavaThread "webcam-lock-[BisonCam, NB Pro /dev/video0]" daemon [_thread_blocked, id=12538, stack(0x00007fa23ca07000,0x00007fa23cb08000)]
  0x00007fa288370000 JavaThread "webcam-discovery-service" daemon [_thread_blocked, id=12537, stack(0x00007fa23f1cd000,0x00007fa23f2ce000)]
=>0x00007fa220005800 JavaThread "atomic-processor-1" daemon [_thread_in_native, id=12533, stack(0x00007fa23f0cc000,0x00007fa23f1cd000)]
  0x00007fa288323800 JavaThread "Service Thread" daemon [_thread_blocked, id=12530, stack(0x00007fa23f5e2000,0x00007fa23f6e3000)]
  0x00007fa288318800 JavaThread "C1 CompilerThread3" daemon [_thread_blocked, id=12529, stack(0x00007fa23fbfc000,0x00007fa23fcfd000)]
  0x00007fa288316800 JavaThread "C2 CompilerThread2" daemon [_thread_blocked, id=12528, stack(0x00007fa23fcfd000,0x00007fa23fdfe000)]
  0x00007fa28830a800 JavaThread "C2 CompilerThread1" daemon [_thread_blocked, id=12527, stack(0x00007fa23fdfe000,0x00007fa23feff000)]
  0x00007fa288309000 JavaThread "C2 CompilerThread0" daemon [_thread_blocked, id=12526, stack(0x00007fa23feff000,0x00007fa240000000)]
  0x00007fa2882fd800 JavaThread "Monitor Ctrl-Break" daemon [_thread_in_native, id=12525, stack(0x00007fa2640d1000,0x00007fa2641d2000)]
  0x00007fa2881ff800 JavaThread "Signal Dispatcher" daemon [_thread_blocked, id=12517, stack(0x00007fa274031000,0x00007fa274132000)]
  0x00007fa2881d4800 JavaThread "Finalizer" daemon [_thread_blocked, id=12514, stack(0x00007fa274262000,0x00007fa274363000)]
  0x00007fa2881d0000 JavaThread "Reference Handler" daemon [_thread_blocked, id=12513, stack(0x00007fa274363000,0x00007fa274464000)]
  0x00007fa28800b800 JavaThread "main" [_thread_blocked, id=12492, stack(0x00007fa28e8bd000,0x00007fa28e9be000)]

Other Threads:
  0x00007fa2881c8800 VMThread [stack: 0x00007fa274464000,0x00007fa274565000] [id=12511]
  0x00007fa288326000 WatcherThread [stack: 0x00007fa23f4e1000,0x00007fa23f5e2000] [id=12531]

VM state:not at safepoint (normal execution)

VM Mutex/Monitor currently owned by a thread: None

Heap:
 PSYoungGen      total 37888K, used 24295K [0x00000000d6a00000, 0x00000000d9400000, 0x0000000100000000)
  eden space 32768K, 74% used [0x00000000d6a00000,0x00000000d81b9dc8,0x00000000d8a00000)
  from space 5120K, 0% used [0x00000000d8f00000,0x00000000d8f00000,0x00000000d9400000)
  to   space 5120K, 0% used [0x00000000d8a00000,0x00000000d8a00000,0x00000000d8f00000)
 ParOldGen       total 86016K, used 0K [0x0000000083e00000, 0x0000000089200000, 0x00000000d6a00000)
  object space 86016K, 0% used [0x0000000083e00000,0x0000000083e00000,0x0000000089200000)
 Metaspace       used 7294K, capacity 7434K, committed 7552K, reserved 1056768K
  class space    used 820K, capacity 859K, committed 896K, reserved 1048576K

Card table byte_map: [0x00007fa2777cc000,0x00007fa277bae000] byte_map_base: 0x00007fa2773ad000

Marking Bits: (ParMarkBitMap*) 0x00007fa28dbbe220
 Begin Bits: [0x00007fa2641f0000, 0x00007fa2660f8000)
 End Bits:   [0x00007fa2660f8000, 0x00007fa268000000)

Polling page: 0x00007fa28e9e2000

CodeCache: size=245760Kb used=2619Kb max_used=2621Kb free=243140Kb
 bounds [0x00007fa277f6e000, 0x00007fa27820e000, 0x00007fa286f6e000]
 total_blobs=980 nmethods=647 adapters=248
 compilation: enabled

Compilation events (10 events):
Event: 0.507 Thread 0x00007fa288318800 nmethod 643 0x00007fa2781f8650 code [0x00007fa2781f8800, 0x00007fa2781f8fb8]
Event: 0.508 Thread 0x00007fa288318800  644  s    3       sun.misc.URLClassPath::getLookupCache (98 bytes)
Event: 0.508 Thread 0x00007fa288318800 nmethod 644 0x00007fa2781f9310 code [0x00007fa2781f94a0, 0x00007fa2781f9a18]
Event: 0.509 Thread 0x00007fa288318800  645       3       java.util.zip.ZipFile$ZipFileInflaterInputStream::fill (80 bytes)
Event: 0.509 Thread 0x00007fa288318800 nmethod 645 0x00007fa2781f9b90 code [0x00007fa2781f9d40, 0x00007fa2781fa148]
Event: 0.509 Thread 0x00007fa288318800  646   !   3       java.util.zip.Inflater::setInput (74 bytes)
Event: 0.509 Thread 0x00007fa288318800 nmethod 646 0x00007fa2781fd250 code [0x00007fa2781fd3e0, 0x00007fa2781fd958]
Event: 0.509 Thread 0x00007fa288316800 nmethod 642 0x00007fa2781fdb50 code [0x00007fa2781fdd20, 0x00007fa2781fe040]
Event: 0.510 Thread 0x00007fa288318800  647       1       java.util.Formatter$Flags::valueOf (5 bytes)
Event: 0.510 Thread 0x00007fa288318800 nmethod 647 0x00007fa2781fcf90 code [0x00007fa2781fd0e0, 0x00007fa2781fd1f0]

GC Heap History (0 events):
No events

Deoptimization events (10 events):
Event: 0.185 Thread 0x00007fa220005800 Uncommon trap: reason=unstable_if action=reinterpret pc=0x00007fa2780be7a0 method=java.lang.Class.searchMethods([Ljava/lang/reflect/Method;Ljava/lang/String;[Ljava/lang/Class;)Ljava/lang/reflect/Method; @ 75
Event: 0.217 Thread 0x00007fa220005800 Uncommon trap: reason=predicate action=maybe_recompile pc=0x00007fa2781401a8 method=java.util.regex.Pattern$Slice.match(Ljava/util/regex/Matcher;ILjava/lang/CharSequence;)Z @ 21
Event: 0.314 Thread 0x00007fa220005800 Uncommon trap: reason=class_check action=maybe_recompile pc=0x00007fa27813dd14 method=java.lang.ThreadLocal.get()Ljava/lang/Object; @ 6
Event: 0.314 Thread 0x00007fa220005800 Uncommon trap: reason=unstable_if action=reinterpret pc=0x00007fa27813ed8c method=java.lang.ThreadLocal$ThreadLocalMap.getEntry(Ljava/lang/ThreadLocal;)Ljava/lang/ThreadLocal$ThreadLocalMap$Entry; @ 21
Event: 0.317 Thread 0x00007fa220005800 Uncommon trap: reason=class_check action=maybe_recompile pc=0x00007fa27813dd14 method=java.lang.ThreadLocal.get()Ljava/lang/Object; @ 6
Event: 0.331 Thread 0x00007fa220005800 Uncommon trap: reason=class_check action=maybe_recompile pc=0x00007fa27813dd14 method=java.lang.ThreadLocal.get()Ljava/lang/Object; @ 6
Event: 0.334 Thread 0x00007fa220005800 Uncommon trap: reason=unstable_if action=reinterpret pc=0x00007fa278144e98 method=java.util.regex.Pattern$Slice.match(Ljava/util/regex/Matcher;ILjava/lang/CharSequence;)Z @ 18
Event: 0.335 Thread 0x00007fa220005800 Uncommon trap: reason=class_check action=maybe_recompile pc=0x00007fa27813dd14 method=java.lang.ThreadLocal.get()Ljava/lang/Object; @ 6
Event: 0.338 Thread 0x00007fa220005800 Uncommon trap: reason=range_check action=make_not_entrant pc=0x00007fa2781a4400 method=sun.reflect.generics.parser.SignatureParser.current()C @ 34
Event: 0.500 Thread 0x00007fa220005800 Uncommon trap: reason=unstable_if action=reinterpret pc=0x00007fa278086270 method=java.lang.CharacterDataLatin1.digit(II)I @ 31

Internal exceptions (10 events):
Event: 0.337 Thread 0x00007fa220005800 Exception <a 'java/lang/ArrayIndexOutOfBoundsException'> (0x00000000d7df7db8) thrown at [/build/openjdk-8-qFl9Ji/openjdk-8-8u121-b13/src/hotspot/src/share/vm/runtime/sharedRuntime.cpp, line 605]
Event: 0.338 Thread 0x00007fa220005800 Exception <a 'java/lang/ArrayIndexOutOfBoundsException': 85> (0x00000000d7e06cb0) thrown at [/build/openjdk-8-qFl9Ji/openjdk-8-8u121-b13/src/hotspot/src/share/vm/interpreter/interpreterRuntime.cpp, line 366]
Event: 0.338 Thread 0x00007fa220005800 Exception <a 'java/lang/ArrayIndexOutOfBoundsException': 39> (0x00000000d7e091c8) thrown at [/build/openjdk-8-qFl9Ji/openjdk-8-8u121-b13/src/hotspot/src/share/vm/interpreter/interpreterRuntime.cpp, line 366]
Event: 0.453 Thread 0x00007fa220005800 Exception <a 'java/lang/NoSuchMethodError': getNumDevices> (0x00000000d7e177b0) thrown at [/build/openjdk-8-qFl9Ji/openjdk-8-8u121-b13/src/hotspot/src/share/vm/prims/jni.cpp, line 1613]
Event: 0.453 Thread 0x00007fa220005800 Exception <a 'java/lang/NoSuchMethodError': getDevice> (0x00000000d7e17a10) thrown at [/build/openjdk-8-qFl9Ji/openjdk-8-8u121-b13/src/hotspot/src/share/vm/prims/jni.cpp, line 1613]
Event: 0.454 Thread 0x00007fa220005800 Exception <a 'java/lang/NoSuchMethodError': getIdentifier> (0x00000000d7e1ece0) thrown at [/build/openjdk-8-qFl9Ji/openjdk-8-8u121-b13/src/hotspot/src/share/vm/prims/jni.cpp, line 1613]
Event: 0.454 Thread 0x00007fa220005800 Exception <a 'java/lang/NoSuchMethodError': getName> (0x00000000d7e1ef38) thrown at [/build/openjdk-8-qFl9Ji/openjdk-8-8u121-b13/src/hotspot/src/share/vm/prims/jni.cpp, line 1613]
Event: 0.486 Thread 0x00007fa220005800 Exception <a 'java/lang/NoSuchFieldError': method resolution failed> (0x00000000d80441a0) thrown at [/build/openjdk-8-qFl9Ji/openjdk-8-8u121-b13/src/hotspot/src/share/vm/prims/methodHandles.cpp, line 1146]
Event: 0.488 Thread 0x00007fa220005800 Exception <a 'java/lang/NoSuchFieldError': method resolution failed> (0x00000000d8052130) thrown at [/build/openjdk-8-qFl9Ji/openjdk-8-8u121-b13/src/hotspot/src/share/vm/prims/methodHandles.cpp, line 1146]
Event: 0.504 Thread 0x00007fa220005800 Exception <a 'java/io/FileNotFoundException'> (0x00000000d80ee740) thrown at [/build/openjdk-8-qFl9Ji/openjdk-8-8u121-b13/src/hotspot/src/share/vm/prims/jni.cpp, line 709]

Events (10 events):
Event: 0.520 loading class java/awt/image/DataBuffer$1
Event: 0.520 loading class sun/awt/image/SunWritableRaster$DataStealer
Event: 0.520 loading class sun/awt/image/SunWritableRaster$DataStealer done
Event: 0.520 loading class java/awt/image/DataBuffer$1 done
Event: 0.520 loading class sun/awt/image/SunWritableRaster
Event: 0.520 loading class java/awt/image/WritableRaster
Event: 0.520 loading class java/awt/image/Raster
Event: 0.520 loading class java/awt/image/Raster done
Event: 0.520 loading class java/awt/image/WritableRaster done
Event: 0.520 loading class sun/awt/image/SunWritableRaster done


Dynamic libraries:
83e00000-89200000 rw-p 00000000 00:00 0 
89200000-d6a00000 ---p 00000000 00:00 0 
d6a00000-d9400000 rw-p 00000000 00:00 0 
d9400000-100000000 ---p 00000000 00:00 0 
100000000-1000e0000 rw-p 00000000 00:00 0 
1000e0000-140000000 ---p 00000000 00:00 0 
55d955e0e000-55d955e0f000 r-xp 00000000 08:02 5506421                    /usr/lib/jvm/java-8-openjdk-amd64/jre/bin/java
55d95600e000-55d95600f000 r--p 00000000 08:02 5506421                    /usr/lib/jvm/java-8-openjdk-amd64/jre/bin/java
55d95600f000-55d956010000 rw-p 00001000 08:02 5506421                    /usr/lib/jvm/java-8-openjdk-amd64/jre/bin/java
55d9574aa000-55d9574cb000 rw-p 00000000 00:00 0                          [heap]
7fa214000000-7fa2142a0000 rw-p 00000000 00:00 0 
7fa2142a0000-7fa218000000 ---p 00000000 00:00 0 
7fa218000000-7fa218021000 rw-p 00000000 00:00 0 
7fa218021000-7fa21c000000 ---p 00000000 00:00 0 
7fa21c000000-7fa21c021000 rw-p 00000000 00:00 0 
7fa21c021000-7fa220000000 ---p 00000000 00:00 0 
7fa220000000-7fa220276000 rw-p 00000000 00:00 0 
7fa220276000-7fa224000000 ---p 00000000 00:00 0 
7fa224000000-7fa22423f000 rw-p 00000000 00:00 0 
7fa22423f000-7fa228000000 ---p 00000000 00:00 0 
7fa228000000-7fa228021000 rw-p 00000000 00:00 0 
7fa228021000-7fa22c000000 ---p 00000000 00:00 0 
7fa22c000000-7fa22c249000 rw-p 00000000 00:00 0 
7fa22c249000-7fa230000000 ---p 00000000 00:00 0 
7fa230000000-7fa23014b000 rw-p 00000000 00:00 0 
7fa23014b000-7fa234000000 ---p 00000000 00:00 0 
7fa234000000-7fa2341bb000 rw-p 00000000 00:00 0 
7fa2341bb000-7fa238000000 ---p 00000000 00:00 0 
7fa238000000-7fa238021000 rw-p 00000000 00:00 0 
7fa238021000-7fa23c000000 ---p 00000000 00:00 0 
7fa23c9bb000-7fa23ca07000 rw-p 00000000 00:00 0 
7fa23ca07000-7fa23ca0a000 ---p 00000000 00:00 0 
7fa23ca0a000-7fa23cb08000 rwxp 00000000 00:00 0 
7fa23cb08000-7fa23cb1b000 r-xp 00000000 08:02 6424696                    /lib/x86_64-linux-gnu/libbsd.so.0.8.3
7fa23cb1b000-7fa23cd1b000 ---p 00013000 08:02 6424696                    /lib/x86_64-linux-gnu/libbsd.so.0.8.3
7fa23cd1b000-7fa23cd1c000 r--p 00013000 08:02 6424696                    /lib/x86_64-linux-gnu/libbsd.so.0.8.3
7fa23cd1c000-7fa23cd1d000 rw-p 00014000 08:02 6424696                    /lib/x86_64-linux-gnu/libbsd.so.0.8.3
7fa23cd1d000-7fa23cd1e000 rw-p 00000000 00:00 0 
7fa23cd1e000-7fa23cd23000 r-xp 00000000 08:02 5116589                    /usr/lib/x86_64-linux-gnu/libXdmcp.so.6.0.0
7fa23cd23000-7fa23cf22000 ---p 00005000 08:02 5116589                    /usr/lib/x86_64-linux-gnu/libXdmcp.so.6.0.0
7fa23cf22000-7fa23cf23000 r--p 00004000 08:02 5116589                    /usr/lib/x86_64-linux-gnu/libXdmcp.so.6.0.0
7fa23cf23000-7fa23cf24000 rw-p 00005000 08:02 5116589                    /usr/lib/x86_64-linux-gnu/libXdmcp.so.6.0.0
7fa23cf24000-7fa23cf27000 r-xp 00000000 08:02 5116579                    /usr/lib/x86_64-linux-gnu/libXau.so.6.0.0
7fa23cf27000-7fa23d126000 ---p 00003000 08:02 5116579                    /usr/lib/x86_64-linux-gnu/libXau.so.6.0.0
7fa23d126000-7fa23d127000 r--p 00002000 08:02 5116579                    /usr/lib/x86_64-linux-gnu/libXau.so.6.0.0
7fa23d127000-7fa23d128000 rw-p 00003000 08:02 5116579                    /usr/lib/x86_64-linux-gnu/libXau.so.6.0.0
7fa23d128000-7fa23d14f000 r-xp 00000000 08:02 5118376                    /usr/lib/x86_64-linux-gnu/libxcb.so.1.1.0
7fa23d14f000-7fa23d34e000 ---p 00027000 08:02 5118376                    /usr/lib/x86_64-linux-gnu/libxcb.so.1.1.0
7fa23d34e000-7fa23d34f000 r--p 00026000 08:02 5118376                    /usr/lib/x86_64-linux-gnu/libxcb.so.1.1.0
7fa23d34f000-7fa23d350000 rw-p 00027000 08:02 5118376                    /usr/lib/x86_64-linux-gnu/libxcb.so.1.1.0
7fa23d350000-7fa23d35f000 r-xp 00000000 08:02 5116583                    /usr/lib/x86_64-linux-gnu/libXi.so.6.1.0
7fa23d35f000-7fa23d55e000 ---p 0000f000 08:02 5116583                    /usr/lib/x86_64-linux-gnu/libXi.so.6.1.0
7fa23d55e000-7fa23d55f000 r--p 0000e000 08:02 5116583                    /usr/lib/x86_64-linux-gnu/libXi.so.6.1.0
7fa23d55f000-7fa23d560000 rw-p 0000f000 08:02 5116583                    /usr/lib/x86_64-linux-gnu/libXi.so.6.1.0
7fa23d560000-7fa23d565000 r-xp 00000000 08:02 5118382                    /usr/lib/x86_64-linux-gnu/libXtst.so.6.1.0
7fa23d565000-7fa23d764000 ---p 00005000 08:02 5118382                    /usr/lib/x86_64-linux-gnu/libXtst.so.6.1.0
7fa23d764000-7fa23d765000 r--p 00004000 08:02 5118382                    /usr/lib/x86_64-linux-gnu/libXtst.so.6.1.0
7fa23d765000-7fa23d766000 rw-p 00005000 08:02 5118382                    /usr/lib/x86_64-linux-gnu/libXtst.so.6.1.0
7fa23d766000-7fa23d76f000 r-xp 00000000 08:02 5118360                    /usr/lib/x86_64-linux-gnu/libXrender.so.1.3.0
7fa23d76f000-7fa23d96e000 ---p 00009000 08:02 5118360                    /usr/lib/x86_64-linux-gnu/libXrender.so.1.3.0
7fa23d96e000-7fa23d96f000 r--p 00008000 08:02 5118360                    /usr/lib/x86_64-linux-gnu/libXrender.so.1.3.0
7fa23d96f000-7fa23d970000 rw-p 00009000 08:02 5118360                    /usr/lib/x86_64-linux-gnu/libXrender.so.1.3.0
7fa23d970000-7fa23daaa000 r-xp 00000000 08:02 5116570                    /usr/lib/x86_64-linux-gnu/libX11.so.6.3.0
7fa23daaa000-7fa23dcaa000 ---p 0013a000 08:02 5116570                    /usr/lib/x86_64-linux-gnu/libX11.so.6.3.0
7fa23dcaa000-7fa23dcab000 r--p 0013a000 08:02 5116570                    /usr/lib/x86_64-linux-gnu/libX11.so.6.3.0
7fa23dcab000-7fa23dcb0000 rw-p 0013b000 08:02 5116570                    /usr/lib/x86_64-linux-gnu/libX11.so.6.3.0
7fa23dcb0000-7fa23dcc1000 r-xp 00000000 08:02 5116299                    /usr/lib/x86_64-linux-gnu/libXext.so.6.4.0
7fa23dcc1000-7fa23dec0000 ---p 00011000 08:02 5116299                    /usr/lib/x86_64-linux-gnu/libXext.so.6.4.0
7fa23dec0000-7fa23dec1000 r--p 00010000 08:02 5116299                    /usr/lib/x86_64-linux-gnu/libXext.so.6.4.0
7fa23dec1000-7fa23dec2000 rw-p 00011000 08:02 5116299                    /usr/lib/x86_64-linux-gnu/libXext.so.6.4.0
7fa23dec2000-7fa23df16000 r-xp 00000000 08:02 5506437                    /usr/lib/jvm/java-8-openjdk-amd64/jre/lib/amd64/libawt_xawt.so
7fa23df16000-7fa23e115000 ---p 00054000 08:02 5506437                    /usr/lib/jvm/java-8-openjdk-amd64/jre/lib/amd64/libawt_xawt.so
7fa23e115000-7fa23e116000 r--p 00053000 08:02 5506437                    /usr/lib/jvm/java-8-openjdk-amd64/jre/lib/amd64/libawt_xawt.so
7fa23e116000-7fa23e119000 rw-p 00054000 08:02 5506437                    /usr/lib/jvm/java-8-openjdk-amd64/jre/lib/amd64/libawt_xawt.so
7fa23e119000-7fa23e11a000 rw-p 00000000 00:00 0 
7fa23e11a000-7fa23e1ba000 r-xp 00000000 08:02 5506435                    /usr/lib/jvm/java-8-openjdk-amd64/jre/lib/amd64/libawt.so
7fa23e1ba000-7fa23e3ba000 ---p 000a0000 08:02 5506435                    /usr/lib/jvm/java-8-openjdk-amd64/jre/lib/amd64/libawt.so
7fa23e3ba000-7fa23e3bb000 r--p 000a0000 08:02 5506435                    /usr/lib/jvm/java-8-openjdk-amd64/jre/lib/amd64/libawt.so
7fa23e3bb000-7fa23e3c6000 rw-p 000a1000 08:02 5506435                    /usr/lib/jvm/java-8-openjdk-amd64/jre/lib/amd64/libawt.so
7fa23e3c6000-7fa23e3eb000 rw-p 00000000 00:00 0 
7fa23e3eb000-7fa23e454000 r-xp 00000000 08:02 5117107                    /usr/lib/x86_64-linux-gnu/libjpeg.so.62.2.0
7fa23e454000-7fa23e654000 ---p 00069000 08:02 5117107                    /usr/lib/x86_64-linux-gnu/libjpeg.so.62.2.0
7fa23e654000-7fa23e655000 r--p 00069000 08:02 5117107                    /usr/lib/x86_64-linux-gnu/libjpeg.so.62.2.0
7fa23e655000-7fa23e656000 rw-p 0006a000 08:02 5117107                    /usr/lib/x86_64-linux-gnu/libjpeg.so.62.2.0
7fa23e656000-7fa23e67c000 r-xp 00000000 08:02 5116281                    /usr/lib/x86_64-linux-gnu/libv4lconvert.so.0.0.0
7fa23e67c000-7fa23e87b000 ---p 00026000 08:02 5116281                    /usr/lib/x86_64-linux-gnu/libv4lconvert.so.0.0.0
7fa23e87b000-7fa23e87d000 r--p 00025000 08:02 5116281                    /usr/lib/x86_64-linux-gnu/libv4lconvert.so.0.0.0
7fa23e87d000-7fa23e87e000 rw-p 00027000 08:02 5116281                    /usr/lib/x86_64-linux-gnu/libv4lconvert.so.0.0.0
7fa23e87e000-7fa23e8d0000 rw-p 00000000 00:00 0 
7fa23e8d0000-7fa23e8d9000 r-xp 00000000 08:02 5116279                    /usr/lib/x86_64-linux-gnu/libv4l2.so.0.0.0
7fa23e8d9000-7fa23ead8000 ---p 00009000 08:02 5116279                    /usr/lib/x86_64-linux-gnu/libv4l2.so.0.0.0
7fa23ead8000-7fa23ead9000 r--p 00008000 08:02 5116279                    /usr/lib/x86_64-linux-gnu/libv4l2.so.0.0.0
7fa23ead9000-7fa23eade000 rw-p 00009000 08:02 5116279                    /usr/lib/x86_64-linux-gnu/libv4l2.so.0.0.0
7fa23eade000-7fa23eae3000 r-xp 00000000 08:02 3932293                    /tmp/BridJExtractedLibraries4471989304707208140/OpenIMAJGrabber.so
7fa23eae3000-7fa23ece2000 ---p 00005000 08:02 3932293                    /tmp/BridJExtractedLibraries4471989304707208140/OpenIMAJGrabber.so
7fa23ece2000-7fa23ece3000 r--p 00004000 08:02 3932293                    /tmp/BridJExtractedLibraries4471989304707208140/OpenIMAJGrabber.so
7fa23ece3000-7fa23ece4000 rw-p 00005000 08:02 3932293                    /tmp/BridJExtractedLibraries4471989304707208140/OpenIMAJGrabber.so
7fa23ece4000-7fa23ecfd000 r-xp 00000000 08:02 3932292                    /tmp/BridJExtractedLibraries4471989304707208140/libbridj.so
7fa23ecfd000-7fa23eefc000 ---p 00019000 08:02 3932292                    /tmp/BridJExtractedLibraries4471989304707208140/libbridj.so
7fa23eefc000-7fa23eefd000 r--p 00018000 08:02 3932292                    /tmp/BridJExtractedLibraries4471989304707208140/libbridj.so
7fa23eefd000-7fa23eefe000 rw-p 00019000 08:02 3932292                    /tmp/BridJExtractedLibraries4471989304707208140/libbridj.so
7fa23eefe000-7fa23f0cc000 r--s 03c06000 08:02 5506502                    /usr/lib/jvm/java-8-openjdk-amd64/jre/lib/rt.jar
7fa23f0cc000-7fa23f0cf000 ---p 00000000 00:00 0 
7fa23f0cf000-7fa23f1cd000 rwxp 00000000 00:00 0 
7fa23f1cd000-7fa23f1d0000 ---p 00000000 00:00 0 
7fa23f1d0000-7fa23f2ce000 rwxp 00000000 00:00 0 
7fa23f2ce000-7fa23f2df000 r-xp 00000000 08:02 5506458                    /usr/lib/jvm/java-8-openjdk-amd64/jre/lib/amd64/libnio.so
7fa23f2df000-7fa23f4df000 ---p 00011000 08:02 5506458                    /usr/lib/jvm/java-8-openjdk-amd64/jre/lib/amd64/libnio.so
7fa23f4df000-7fa23f4e0000 r--p 00011000 08:02 5506458                    /usr/lib/jvm/java-8-openjdk-amd64/jre/lib/amd64/libnio.so
7fa23f4e0000-7fa23f4e1000 rw-p 00012000 08:02 5506458                    /usr/lib/jvm/java-8-openjdk-amd64/jre/lib/amd64/libnio.so
7fa23f4e1000-7fa23f4e2000 ---p 00000000 00:00 0 
7fa23f4e2000-7fa23f5e2000 rwxp 00000000 00:00 0 
7fa23f5e2000-7fa23f5e5000 ---p 00000000 00:00 0 
7fa23f5e5000-7fa23f6e3000 rwxp 00000000 00:00 0 
7fa23f6e3000-7fa23f9e4000 rw-p 00000000 00:00 0 
7fa23f9e4000-7fa23f9fb000 r-xp 00000000 08:02 5506457                    /usr/lib/jvm/java-8-openjdk-amd64/jre/lib/amd64/libnet.so
7fa23f9fb000-7fa23fbfa000 ---p 00017000 08:02 5506457                    /usr/lib/jvm/java-8-openjdk-amd64/jre/lib/amd64/libnet.so
7fa23fbfa000-7fa23fbfb000 r--p 00016000 08:02 5506457                    /usr/lib/jvm/java-8-openjdk-amd64/jre/lib/amd64/libnet.so
7fa23fbfb000-7fa23fbfc000 rw-p 00017000 08:02 5506457                    /usr/lib/jvm/java-8-openjdk-amd64/jre/lib/amd64/libnet.so
7fa23fbfc000-7fa23fbff000 ---p 00000000 00:00 0 
7fa23fbff000-7fa23fcfd000 rwxp 00000000 00:00 0 
7fa23fcfd000-7fa23fd00000 ---p 00000000 00:00 0 
7fa23fd00000-7fa23fdfe000 rwxp 00000000 00:00 0 
7fa23fdfe000-7fa23fe01000 ---p 00000000 00:00 0 
7fa23fe01000-7fa23feff000 rwxp 00000000 00:00 0 
7fa23feff000-7fa23ff02000 ---p 00000000 00:00 0 
7fa23ff02000-7fa240000000 rwxp 00000000 00:00 0 
7fa240000000-7fa240021000 rw-p 00000000 00:00 0 
7fa240021000-7fa244000000 ---p 00000000 00:00 0 
7fa244000000-7fa244021000 rw-p 00000000 00:00 0 
7fa244021000-7fa248000000 ---p 00000000 00:00 0 
7fa248000000-7fa248021000 rw-p 00000000 00:00 0 
7fa248021000-7fa24c000000 ---p 00000000 00:00 0 
7fa24c000000-7fa24c021000 rw-p 00000000 00:00 0 
7fa24c021000-7fa250000000 ---p 00000000 00:00 0 
7fa250000000-7fa250021000 rw-p 00000000 00:00 0 
7fa250021000-7fa254000000 ---p 00000000 00:00 0 
7fa254000000-7fa254021000 rw-p 00000000 00:00 0 
7fa254021000-7fa258000000 ---p 00000000 00:00 0 
7fa258000000-7fa258021000 rw-p 00000000 00:00 0 
7fa258021000-7fa25c000000 ---p 00000000 00:00 0 
7fa25c000000-7fa25c021000 rw-p 00000000 00:00 0 
7fa25c021000-7fa260000000 ---p 00000000 00:00 0 
7fa260000000-7fa260021000 rw-p 00000000 00:00 0 
7fa260021000-7fa264000000 ---p 00000000 00:00 0 
7fa264008000-7fa264015000 rw-s 00027000 00:06 13875                      /dev/video0
7fa264015000-7fa264022000 rw-s 0001a000 00:06 13875                      /dev/video0
7fa264022000-7fa26402f000 rw-s 0000d000 00:06 13875                      /dev/video0
7fa26402f000-7fa26403c000 rw-s 00000000 00:06 13875                      /dev/video0
7fa26403c000-7fa26404c000 rwxp 00000000 00:00 0 
7fa26404c000-7fa264059000 r--s 00000000 08:02 3932293                    /tmp/BridJExtractedLibraries4471989304707208140/OpenIMAJGrabber.so
7fa264059000-7fa26406c000 r--s 00346000 08:02 5506501                    /usr/lib/jvm/java-8-openjdk-amd64/jre/lib/resources.jar
7fa26406c000-7fa26406d000 r--s 00000000 08:02 5506499                    /usr/lib/jvm/java-8-openjdk-amd64/jre/lib/management-agent.jar
7fa26406d000-7fa264071000 r--s 0009a000 08:02 5506497                    /usr/lib/jvm/java-8-openjdk-amd64/jre/lib/jsse.jar
7fa264071000-7fa264074000 r--s 00015000 08:02 5506495                    /usr/lib/jvm/java-8-openjdk-amd64/jre/lib/jce.jar
7fa264074000-7fa264075000 r--s 00010000 08:02 5506485                    /usr/lib/jvm/java-8-openjdk-amd64/jre/lib/ext/zipfs.jar
7fa264075000-7fa264079000 r--s 00037000 08:02 5506484                    /usr/lib/jvm/java-8-openjdk-amd64/jre/lib/ext/sunpkcs11.jar
7fa264079000-7fa26407e000 r--s 0003b000 08:02 5506483                    /usr/lib/jvm/java-8-openjdk-amd64/jre/lib/ext/sunjce_provider.jar
7fa26407e000-7fa264080000 r--s 00008000 08:02 5506482                    /usr/lib/jvm/java-8-openjdk-amd64/jre/lib/ext/sunec.jar
7fa264080000-7fa26409b000 r--s 001d6000 08:02 5506481                    /usr/lib/jvm/java-8-openjdk-amd64/jre/lib/ext/nashorn.jar
7fa26409b000-7fa2640a5000 r--s 00116000 08:02 5506480                    /usr/lib/jvm/java-8-openjdk-amd64/jre/lib/ext/localedata.jar
7fa2640a5000-7fa2640a7000 r--s 00007000 08:02 5899624                    /usr/share/java/java-atk-wrapper.jar
7fa2640a7000-7fa2640a8000 r--s 0000a000 08:02 5506479                    /usr/lib/jvm/java-8-openjdk-amd64/jre/lib/ext/jaccess.jar
7fa2640a8000-7fa2640ab000 r--s 0000f000 08:02 5506478                    /usr/lib/jvm/java-8-openjdk-amd64/jre/lib/ext/icedtea-sound.jar
7fa2640ab000-7fa2640ad000 r--s 00001000 08:02 5506477                    /usr/lib/jvm/java-8-openjdk-amd64/jre/lib/ext/dnsns.jar
7fa2640ad000-7fa2640c8000 r--s 00394000 08:02 5506476                    /usr/lib/jvm/java-8-openjdk-amd64/jre/lib/ext/cldrdata.jar
7fa2640c8000-7fa2640cd000 r--s 002f9000 08:02 5506468                    /usr/lib/jvm/java-8-openjdk-amd64/jre/lib/charsets.jar
7fa2640cd000-7fa2640d1000 r--s 0009a000 08:02 5506497                    /usr/lib/jvm/java-8-openjdk-amd64/jre/lib/jsse.jar
7fa2640d1000-7fa2640d4000 ---p 00000000 00:00 0 
7fa2640d4000-7fa2641d2000 rwxp 00000000 00:00 0 
7fa2641d2000-7fa2641d5000 r--s 00019000 08:12 70411                      /mnt/softwave/LinuxApps/ideaIU-2017.1-no-jdk/idea-IU-171.3780.107/lib/idea_rt.jar
7fa2641d5000-7fa2641dd000 r--s 000cf000 08:02 1321216                    /home/simqin/.m2/repository/com/nativelibs4java/bridj/0.6.2/bridj-0.6.2.jar
7fa2641dd000-7fa2641f0000 r--s 00346000 08:02 5506501                    /usr/lib/jvm/java-8-openjdk-amd64/jre/lib/resources.jar
7fa2641f0000-7fa268000000 rw-p 00000000 00:00 0 
7fa268000000-7fa268021000 rw-p 00000000 00:00 0 
7fa268021000-7fa26c000000 ---p 00000000 00:00 0 
7fa26c000000-7fa26c021000 rw-p 00000000 00:00 0 
7fa26c021000-7fa270000000 ---p 00000000 00:00 0 
7fa270000000-7fa270021000 rw-p 00000000 00:00 0 
7fa270021000-7fa274000000 ---p 00000000 00:00 0 
7fa274000000-7fa274003000 r--s 000e4000 08:02 1455683                    /home/simqin/.m2/repository/net/java/dev/jna/jna/4.3.0/jna-4.3.0.jar
7fa274003000-7fa274005000 r--s 00005000 08:02 1321398                    /home/simqin/.m2/repository/org/slf4j/slf4j-api/1.7.2/slf4j-api-1.7.2.jar
7fa274005000-7fa274009000 r--s 00060000 08:02 1321202                    /home/simqin/.m2/repository/com/github/sarxos/webcam-capture/0.3.10/webcam-capture-0.3.10.jar
7fa274009000-7fa27400a000 r--s 00000000 08:02 5506499                    /usr/lib/jvm/java-8-openjdk-amd64/jre/lib/management-agent.jar
7fa27400a000-7fa27400e000 r--s 0009a000 08:02 5506497                    /usr/lib/jvm/java-8-openjdk-amd64/jre/lib/jsse.jar
7fa27400e000-7fa274011000 r--s 00015000 08:02 5506495                    /usr/lib/jvm/java-8-openjdk-amd64/jre/lib/jce.jar
7fa274011000-7fa274016000 r--s 002f9000 08:02 5506468                    /usr/lib/jvm/java-8-openjdk-amd64/jre/lib/charsets.jar
7fa274016000-7fa274031000 r--s 00394000 08:02 5506476                    /usr/lib/jvm/java-8-openjdk-amd64/jre/lib/ext/cldrdata.jar
7fa274031000-7fa274034000 ---p 00000000 00:00 0 
7fa274034000-7fa274132000 rwxp 00000000 00:00 0 
7fa274132000-7fa274262000 r--p 00000000 08:02 5506820                    /usr/lib/locale/aa_DJ.utf8/LC_COLLATE
7fa274262000-7fa274265000 ---p 00000000 00:00 0 
7fa274265000-7fa274363000 rwxp 00000000 00:00 0 
7fa274363000-7fa274366000 ---p 00000000 00:00 0 
7fa274366000-7fa274464000 rwxp 00000000 00:00 0 
7fa274464000-7fa274465000 ---p 00000000 00:00 0 
7fa274465000-7fa274565000 rwxp 00000000 00:00 0 
7fa274565000-7fa276080000 rw-p 00000000 00:00 0 
7fa276080000-7fa27624e000 r--s 03c06000 08:02 5506502                    /usr/lib/jvm/java-8-openjdk-amd64/jre/lib/rt.jar
7fa27624e000-7fa2768ce000 rw-p 00000000 00:00 0 
7fa2768ce000-7fa276a4e000 ---p 00000000 00:00 0 
7fa276a4e000-7fa276e2f000 rw-p 00000000 00:00 0 
7fa276e2f000-7fa276e30000 ---p 00000000 00:00 0 
7fa276e30000-7fa276f30000 rwxp 00000000 00:00 0 
7fa276f30000-7fa276f31000 ---p 00000000 00:00 0 
7fa276f31000-7fa277031000 rwxp 00000000 00:00 0 
7fa277031000-7fa277032000 ---p 00000000 00:00 0 
7fa277032000-7fa277132000 rwxp 00000000 00:00 0 
7fa277132000-7fa277133000 ---p 00000000 00:00 0 
7fa277133000-7fa277233000 rwxp 00000000 00:00 0 
7fa277233000-7fa277234000 ---p 00000000 00:00 0 
7fa277234000-7fa277334000 rwxp 00000000 00:00 0 
7fa277334000-7fa277335000 ---p 00000000 00:00 0 
7fa277335000-7fa277435000 rwxp 00000000 00:00 0 
7fa277435000-7fa277436000 ---p 00000000 00:00 0 
7fa277436000-7fa277536000 rwxp 00000000 00:00 0 
7fa277536000-7fa277560000 rw-p 00000000 00:00 0 
7fa277560000-7fa2777cc000 ---p 00000000 00:00 0 
7fa2777cc000-7fa2777f6000 rw-p 00000000 00:00 0 
7fa2777f6000-7fa277a62000 ---p 00000000 00:00 0 
7fa277a62000-7fa277a77000 rw-p 00000000 00:00 0 
7fa277a77000-7fa277bad000 ---p 00000000 00:00 0 
7fa277bad000-7fa277bb9000 rw-p 00000000 00:00 0 
7fa277bb9000-7fa277f6e000 ---p 00000000 00:00 0 
7fa277f6e000-7fa27820e000 rwxp 00000000 00:00 0 
7fa27820e000-7fa286f6e000 ---p 00000000 00:00 0 
7fa286f6e000-7fa286f76000 r-xp 00000000 08:02 5506465                    /usr/lib/jvm/java-8-openjdk-amd64/jre/lib/amd64/libzip.so
7fa286f76000-7fa287175000 ---p 00008000 08:02 5506465                    /usr/lib/jvm/java-8-openjdk-amd64/jre/lib/amd64/libzip.so
7fa287175000-7fa287176000 r--p 00007000 08:02 5506465                    /usr/lib/jvm/java-8-openjdk-amd64/jre/lib/amd64/libzip.so
7fa287176000-7fa287177000 rw-p 00008000 08:02 5506465                    /usr/lib/jvm/java-8-openjdk-amd64/jre/lib/amd64/libzip.so
7fa287177000-7fa287181000 r-xp 00000000 08:02 6434176                    /lib/x86_64-linux-gnu/libnss_files-2.24.so
7fa287181000-7fa287381000 ---p 0000a000 08:02 6434176                    /lib/x86_64-linux-gnu/libnss_files-2.24.so
7fa287381000-7fa287382000 r--p 0000a000 08:02 6434176                    /lib/x86_64-linux-gnu/libnss_files-2.24.so
7fa287382000-7fa287383000 rw-p 0000b000 08:02 6434176                    /lib/x86_64-linux-gnu/libnss_files-2.24.so
7fa287383000-7fa287389000 rw-p 00000000 00:00 0 
7fa287389000-7fa287394000 r-xp 00000000 08:02 6434178                    /lib/x86_64-linux-gnu/libnss_nis-2.24.so
7fa287394000-7fa287593000 ---p 0000b000 08:02 6434178                    /lib/x86_64-linux-gnu/libnss_nis-2.24.so
7fa287593000-7fa287594000 r--p 0000a000 08:02 6434178                    /lib/x86_64-linux-gnu/libnss_nis-2.24.so
7fa287594000-7fa287595000 rw-p 0000b000 08:02 6434178                    /lib/x86_64-linux-gnu/libnss_nis-2.24.so
7fa287595000-7fa2875a9000 r-xp 00000000 08:02 6434173                    /lib/x86_64-linux-gnu/libnsl-2.24.so
7fa2875a9000-7fa2877a9000 ---p 00014000 08:02 6434173                    /lib/x86_64-linux-gnu/libnsl-2.24.so
7fa2877a9000-7fa2877aa000 r--p 00014000 08:02 6434173                    /lib/x86_64-linux-gnu/libnsl-2.24.so
7fa2877aa000-7fa2877ab000 rw-p 00015000 08:02 6434173                    /lib/x86_64-linux-gnu/libnsl-2.24.so
7fa2877ab000-7fa2877ad000 rw-p 00000000 00:00 0 
7fa2877ad000-7fa2877b4000 r-xp 00000000 08:02 6434174                    /lib/x86_64-linux-gnu/libnss_compat-2.24.so
7fa2877b4000-7fa2879b3000 ---p 00007000 08:02 6434174                    /lib/x86_64-linux-gnu/libnss_compat-2.24.so
7fa2879b3000-7fa2879b4000 r--p 00006000 08:02 6434174                    /lib/x86_64-linux-gnu/libnss_compat-2.24.so
7fa2879b4000-7fa2879b5000 rw-p 00007000 08:02 6434174                    /lib/x86_64-linux-gnu/libnss_compat-2.24.so
7fa2879b5000-7fa2879bf000 r-xp 00000000 08:02 5506441                    /usr/lib/jvm/java-8-openjdk-amd64/jre/lib/amd64/libinstrument.so
7fa2879bf000-7fa287bbe000 ---p 0000a000 08:02 5506441                    /usr/lib/jvm/java-8-openjdk-amd64/jre/lib/amd64/libinstrument.so
7fa287bbe000-7fa287bbf000 r--p 00009000 08:02 5506441                    /usr/lib/jvm/java-8-openjdk-amd64/jre/lib/amd64/libinstrument.so
7fa287bbf000-7fa287bc0000 rw-p 0000a000 08:02 5506441                    /usr/lib/jvm/java-8-openjdk-amd64/jre/lib/amd64/libinstrument.so
7fa287bc0000-7fa287bed000 r-xp 00000000 08:02 5506446                    /usr/lib/jvm/java-8-openjdk-amd64/jre/lib/amd64/libjava.so
7fa287bed000-7fa287dec000 ---p 0002d000 08:02 5506446                    /usr/lib/jvm/java-8-openjdk-amd64/jre/lib/amd64/libjava.so
7fa287dec000-7fa287ded000 r--p 0002c000 08:02 5506446                    /usr/lib/jvm/java-8-openjdk-amd64/jre/lib/amd64/libjava.so
7fa287ded000-7fa287def000 rw-p 0002d000 08:02 5506446                    /usr/lib/jvm/java-8-openjdk-amd64/jre/lib/amd64/libjava.so
7fa287def000-7fa287dfe000 r-xp 00000000 08:02 5506464                    /usr/lib/jvm/java-8-openjdk-amd64/jre/lib/amd64/libverify.so
7fa287dfe000-7fa287ffd000 ---p 0000f000 08:02 5506464                    /usr/lib/jvm/java-8-openjdk-amd64/jre/lib/amd64/libverify.so
7fa287ffd000-7fa287fff000 r--p 0000e000 08:02 5506464                    /usr/lib/jvm/java-8-openjdk-amd64/jre/lib/amd64/libverify.so
7fa287fff000-7fa288000000 rw-p 00010000 08:02 5506464                    /usr/lib/jvm/java-8-openjdk-amd64/jre/lib/amd64/libverify.so
7fa288000000-7fa288372000 rw-p 00000000 00:00 0 
7fa288372000-7fa28c000000 ---p 00000000 00:00 0 
7fa28c000000-7fa28c002000 r--s 00007000 08:02 5899624                    /usr/share/java/java-atk-wrapper.jar
7fa28c002000-7fa28c003000 r--s 0000a000 08:02 5506479                    /usr/lib/jvm/java-8-openjdk-amd64/jre/lib/ext/jaccess.jar
7fa28c003000-7fa28c008000 r--s 0003b000 08:02 5506483                    /usr/lib/jvm/java-8-openjdk-amd64/jre/lib/ext/sunjce_provider.jar
7fa28c008000-7fa28c012000 r--s 00116000 08:02 5506480                    /usr/lib/jvm/java-8-openjdk-amd64/jre/lib/ext/localedata.jar
7fa28c012000-7fa28c02d000 r--s 001d6000 08:02 5506481                    /usr/lib/jvm/java-8-openjdk-amd64/jre/lib/ext/nashorn.jar
7fa28c02d000-7fa28c07e000 r--p 00000000 08:02 5506822                    /usr/lib/locale/aa_DJ.utf8/LC_CTYPE
7fa28c07e000-7fa28c0f4000 rw-p 00000000 00:00 0 
7fa28c0f4000-7fa28c0f5000 ---p 00000000 00:00 0 
7fa28c0f5000-7fa28c1f5000 rwxp 00000000 00:00 0 
7fa28c1f5000-7fa28c1fc000 r-xp 00000000 08:02 6434183                    /lib/x86_64-linux-gnu/librt-2.24.so
7fa28c1fc000-7fa28c3fb000 ---p 00007000 08:02 6434183                    /lib/x86_64-linux-gnu/librt-2.24.so
7fa28c3fb000-7fa28c3fc000 r--p 00006000 08:02 6434183                    /lib/x86_64-linux-gnu/librt-2.24.so
7fa28c3fc000-7fa28c3fd000 rw-p 00007000 08:02 6434183                    /lib/x86_64-linux-gnu/librt-2.24.so
7fa28c3fd000-7fa28c413000 r-xp 00000000 08:02 6424793                    /lib/x86_64-linux-gnu/libgcc_s.so.1
7fa28c413000-7fa28c612000 ---p 00016000 08:02 6424793                    /lib/x86_64-linux-gnu/libgcc_s.so.1
7fa28c612000-7fa28c613000 r--p 00015000 08:02 6424793                    /lib/x86_64-linux-gnu/libgcc_s.so.1
7fa28c613000-7fa28c614000 rw-p 00016000 08:02 6424793                    /lib/x86_64-linux-gnu/libgcc_s.so.1
7fa28c614000-7fa28c717000 r-xp 00000000 08:02 6434170                    /lib/x86_64-linux-gnu/libm-2.24.so
7fa28c717000-7fa28c916000 ---p 00103000 08:02 6434170                    /lib/x86_64-linux-gnu/libm-2.24.so
7fa28c916000-7fa28c917000 r--p 00102000 08:02 6434170                    /lib/x86_64-linux-gnu/libm-2.24.so
7fa28c917000-7fa28c918000 rw-p 00103000 08:02 6434170                    /lib/x86_64-linux-gnu/libm-2.24.so
7fa28c918000-7fa28ca8a000 r-xp 00000000 08:02 5116789                    /usr/lib/x86_64-linux-gnu/libstdc++.so.6.0.22
7fa28ca8a000-7fa28cc8a000 ---p 00172000 08:02 5116789                    /usr/lib/x86_64-linux-gnu/libstdc++.so.6.0.22
7fa28cc8a000-7fa28cc94000 r--p 00172000 08:02 5116789                    /usr/lib/x86_64-linux-gnu/libstdc++.so.6.0.22
7fa28cc94000-7fa28cc96000 rw-p 0017c000 08:02 5116789                    /usr/lib/x86_64-linux-gnu/libstdc++.so.6.0.22
7fa28cc96000-7fa28cc9a000 rw-p 00000000 00:00 0 
7fa28cc9a000-7fa28d8ef000 r-xp 00000000 08:02 5506467                    /usr/lib/jvm/java-8-openjdk-amd64/jre/lib/amd64/server/libjvm.so
7fa28d8ef000-7fa28daef000 ---p 00c55000 08:02 5506467                    /usr/lib/jvm/java-8-openjdk-amd64/jre/lib/amd64/server/libjvm.so
7fa28daef000-7fa28db82000 r--p 00c55000 08:02 5506467                    /usr/lib/jvm/java-8-openjdk-amd64/jre/lib/amd64/server/libjvm.so
7fa28db82000-7fa28dbab000 rw-p 00ce8000 08:02 5506467                    /usr/lib/jvm/java-8-openjdk-amd64/jre/lib/amd64/server/libjvm.so
7fa28dbab000-7fa28dbdb000 rw-p 00000000 00:00 0 
7fa28dbdb000-7fa28dd70000 r-xp 00000000 08:02 6434166                    /lib/x86_64-linux-gnu/libc-2.24.so
7fa28dd70000-7fa28df6f000 ---p 00195000 08:02 6434166                    /lib/x86_64-linux-gnu/libc-2.24.so
7fa28df6f000-7fa28df73000 r--p 00194000 08:02 6434166                    /lib/x86_64-linux-gnu/libc-2.24.so
7fa28df73000-7fa28df75000 rw-p 00198000 08:02 6434166                    /lib/x86_64-linux-gnu/libc-2.24.so
7fa28df75000-7fa28df79000 rw-p 00000000 00:00 0 
7fa28df79000-7fa28df7b000 r-xp 00000000 08:02 6434169                    /lib/x86_64-linux-gnu/libdl-2.24.so
7fa28df7b000-7fa28e17b000 ---p 00002000 08:02 6434169                    /lib/x86_64-linux-gnu/libdl-2.24.so
7fa28e17b000-7fa28e17c000 r--p 00002000 08:02 6434169                    /lib/x86_64-linux-gnu/libdl-2.24.so
7fa28e17c000-7fa28e17d000 rw-p 00003000 08:02 6434169                    /lib/x86_64-linux-gnu/libdl-2.24.so
7fa28e17d000-7fa28e18a000 r-xp 00000000 08:02 5506432                    /usr/lib/jvm/java-8-openjdk-amd64/jre/lib/amd64/jli/libjli.so
7fa28e18a000-7fa28e38a000 ---p 0000d000 08:02 5506432                    /usr/lib/jvm/java-8-openjdk-amd64/jre/lib/amd64/jli/libjli.so
7fa28e38a000-7fa28e38b000 r--p 0000d000 08:02 5506432                    /usr/lib/jvm/java-8-openjdk-amd64/jre/lib/amd64/jli/libjli.so
7fa28e38b000-7fa28e38c000 rw-p 0000e000 08:02 5506432                    /usr/lib/jvm/java-8-openjdk-amd64/jre/lib/amd64/jli/libjli.so
7fa28e38c000-7fa28e3a5000 r-xp 00000000 08:02 6424681                    /lib/x86_64-linux-gnu/libz.so.1.2.8
7fa28e3a5000-7fa28e5a4000 ---p 00019000 08:02 6424681                    /lib/x86_64-linux-gnu/libz.so.1.2.8
7fa28e5a4000-7fa28e5a5000 r--p 00018000 08:02 6424681                    /lib/x86_64-linux-gnu/libz.so.1.2.8
7fa28e5a5000-7fa28e5a6000 rw-p 00019000 08:02 6424681                    /lib/x86_64-linux-gnu/libz.so.1.2.8
7fa28e5a6000-7fa28e5be000 r-xp 00000000 08:02 6434181                    /lib/x86_64-linux-gnu/libpthread-2.24.so
7fa28e5be000-7fa28e7bd000 ---p 00018000 08:02 6434181                    /lib/x86_64-linux-gnu/libpthread-2.24.so
7fa28e7bd000-7fa28e7be000 r--p 00017000 08:02 6434181                    /lib/x86_64-linux-gnu/libpthread-2.24.so
7fa28e7be000-7fa28e7bf000 rw-p 00018000 08:02 6434181                    /lib/x86_64-linux-gnu/libpthread-2.24.so
7fa28e7bf000-7fa28e7c3000 rw-p 00000000 00:00 0 
7fa28e7c3000-7fa28e7e6000 r-xp 00000000 08:02 6424481                    /lib/x86_64-linux-gnu/ld-2.24.so
7fa28e7e6000-7fa28e7e8000 r--s 00007000 08:02 5899624                    /usr/share/java/java-atk-wrapper.jar
7fa28e7e8000-7fa28e7ea000 r--s 00008000 08:02 5506482                    /usr/lib/jvm/java-8-openjdk-amd64/jre/lib/ext/sunec.jar
7fa28e7ea000-7fa28e7eb000 r--s 00010000 08:02 5506485                    /usr/lib/jvm/java-8-openjdk-amd64/jre/lib/ext/zipfs.jar
7fa28e7eb000-7fa28e7ee000 r--s 0000f000 08:02 5506478                    /usr/lib/jvm/java-8-openjdk-amd64/jre/lib/ext/icedtea-sound.jar
7fa28e7ee000-7fa28e8bd000 rw-p 00000000 00:00 0 
7fa28e8bd000-7fa28e8c0000 ---p 00000000 00:00 0 
7fa28e8c0000-7fa28e9be000 rwxp 00000000 00:00 0 
7fa28e9be000-7fa28e9c2000 rw-p 00000000 00:00 0 
7fa28e9c2000-7fa28e9c4000 r--s 00001000 08:02 5506477                    /usr/lib/jvm/java-8-openjdk-amd64/jre/lib/ext/dnsns.jar
7fa28e9c4000-7fa28e9c8000 r--s 00037000 08:02 5506484                    /usr/lib/jvm/java-8-openjdk-amd64/jre/lib/ext/sunpkcs11.jar
7fa28e9c8000-7fa28e9c9000 r--p 00000000 08:02 5506845                    /usr/lib/locale/aa_ET/LC_NUMERIC
7fa28e9c9000-7fa28e9ca000 r--p 00000000 08:02 5659805                    /usr/lib/locale/en_US.utf8/LC_TIME
7fa28e9ca000-7fa28e9cb000 r--p 00000000 08:02 5506854                    /usr/lib/locale/chr_US/LC_MONETARY
7fa28e9cb000-7fa28e9cc000 r--p 00000000 08:02 5659648                    /usr/lib/locale/en_AG/LC_MESSAGES/SYS_LC_MESSAGES
7fa28e9cc000-7fa28e9cd000 r--p 00000000 08:02 5506856                    /usr/lib/locale/chr_US/LC_PAPER
7fa28e9cd000-7fa28e9ce000 r--p 00000000 08:02 5506855                    /usr/lib/locale/chr_US/LC_NAME
7fa28e9ce000-7fa28e9cf000 r--p 00000000 08:02 5659803                    /usr/lib/locale/en_US.utf8/LC_ADDRESS
7fa28e9cf000-7fa28e9d0000 r--p 00000000 08:02 5506857                    /usr/lib/locale/chr_US/LC_TELEPHONE
7fa28e9d0000-7fa28e9d1000 r--p 00000000 08:02 5506851                    /usr/lib/locale/chr_US/LC_MEASUREMENT
7fa28e9d1000-7fa28e9d8000 r--s 00000000 08:02 5382774                    /usr/lib/x86_64-linux-gnu/gconv/gconv-modules.cache
7fa28e9d8000-7fa28e9d9000 r--p 00000000 08:02 5659804                    /usr/lib/locale/en_US.utf8/LC_IDENTIFICATION
7fa28e9d9000-7fa28e9e1000 rw-s 00000000 08:02 3932269                    /tmp/hsperfdata_simqin/12491
7fa28e9e1000-7fa28e9e2000 rw-p 00000000 00:00 0 
7fa28e9e2000-7fa28e9e3000 r--p 00000000 00:00 0 
7fa28e9e3000-7fa28e9e6000 rw-p 00000000 00:00 0 
7fa28e9e6000-7fa28e9e7000 r--p 00023000 08:02 6424481                    /lib/x86_64-linux-gnu/ld-2.24.so
7fa28e9e7000-7fa28e9e8000 rw-p 00024000 08:02 6424481                    /lib/x86_64-linux-gnu/ld-2.24.so
7fa28e9e8000-7fa28e9e9000 rw-p 00000000 00:00 0 
7ffd3f7fb000-7ffd3f81b000 rwxp 00000000 00:00 0                          [stack]
7ffd3f81b000-7ffd3f81c000 rw-p 00000000 00:00 0 
7ffd3f8f6000-7ffd3f8f8000 r--p 00000000 00:00 0                          [vvar]
7ffd3f8f8000-7ffd3f8fa000 r-xp 00000000 00:00 0                          [vdso]
ffffffffff600000-ffffffffff601000 r-xp 00000000 00:00 0                  [vsyscall]

VM Arguments:
jvm_args: -javaagent:/mnt/softwave/LinuxApps/ideaIU-2017.1-no-jdk/idea-IU-171.3780.107/lib/idea_rt.jar=40077:/mnt/softwave/LinuxApps/ideaIU-2017.1-no-jdk/idea-IU-171.3780.107/bin -Dfile.encoding=UTF-8 
java_command: Demo.NIO_2J_more.NIO_more_Server
java_class_path (initial): /usr/lib/jvm/java-1.8.0-openjdk-amd64/jre/lib/charsets.jar:/usr/lib/jvm/java-1.8.0-openjdk-amd64/jre/lib/ext/cldrdata.jar:/usr/lib/jvm/java-1.8.0-openjdk-amd64/jre/lib/ext/dnsns.jar:/usr/lib/jvm/java-1.8.0-openjdk-amd64/jre/lib/ext/icedtea-sound.jar:/usr/lib/jvm/java-1.8.0-openjdk-amd64/jre/lib/ext/jaccess.jar:/usr/lib/jvm/java-1.8.0-openjdk-amd64/jre/lib/ext/java-atk-wrapper.jar:/usr/lib/jvm/java-1.8.0-openjdk-amd64/jre/lib/ext/localedata.jar:/usr/lib/jvm/java-1.8.0-openjdk-amd64/jre/lib/ext/nashorn.jar:/usr/lib/jvm/java-1.8.0-openjdk-amd64/jre/lib/ext/sunec.jar:/usr/lib/jvm/java-1.8.0-openjdk-amd64/jre/lib/ext/sunjce_provider.jar:/usr/lib/jvm/java-1.8.0-openjdk-amd64/jre/lib/ext/sunpkcs11.jar:/usr/lib/jvm/java-1.8.0-openjdk-amd64/jre/lib/ext/zipfs.jar:/usr/lib/jvm/java-1.8.0-openjdk-amd64/jre/lib/jce.jar:/usr/lib/jvm/java-1.8.0-openjdk-amd64/jre/lib/jsse.jar:/usr/lib/jvm/java-1.8.0-openjdk-amd64/jre/lib/management-agent.jar:/usr/lib/jvm/java-1.8.0-openjdk-amd64/jre/lib/resources.jar:/usr/lib/jvm/java-1.8.0-openjdk-amd64/jre/lib/rt.jar:/mnt/work/UPC_JTDC/target/test-classes:/mnt/work/UPC_JTDC/target/classes:/home/simqin/.m2/repository/com/github/sarxos/webcam-capture/0.3.10/webcam-capture-0.3.10.jar:/home/simqin/.m2/repository/com/nativelibs4java/bridj/0.6.2/bridj-0.6.2.jar:/home/simqin/.m2/repository/org/slf4j/slf4j-api/1.7.2/slf4j-api-1.7.2.jar:/home/simqin/.m2/repository/net/java/dev/jna/jna/4.3.0/jna-4.3.0.jar:/mnt/softwave/LinuxApps/ideaIU-2017.1-no-jdk/idea-IU-171.3780.107/lib/idea_rt.jar
Launcher Type: SUN_STANDARD

Environment Variables:
PATH=/usr/local/bin:/usr/bin:/bin:/usr/local/games:/usr/games
USERNAME=simqin
LD_LIBRARY_PATH=/mnt/softwave/LinuxApps/ideaIU-2017.1-no-jdk/idea-IU-171.3780.107/bin:
SHELL=/bin/zsh
DISPLAY=:1

Signal Handlers:
SIGSEGV: [libjvm.so+0xa6c7e0], sa_mask[0]=11111111011111111101111111111110, sa_flags=SA_RESTART|SA_SIGINFO
SIGBUS: [libjvm.so+0xa6c7e0], sa_mask[0]=11111111011111111101111111111110, sa_flags=SA_RESTART|SA_SIGINFO
SIGFPE: [libjvm.so+0x8b64a0], sa_mask[0]=11111111011111111101111111111110, sa_flags=SA_RESTART|SA_SIGINFO
SIGPIPE: [libjvm.so+0x8b64a0], sa_mask[0]=11111111011111111101111111111110, sa_flags=SA_RESTART|SA_SIGINFO
SIGXFSZ: [libjvm.so+0x8b64a0], sa_mask[0]=11111111011111111101111111111110, sa_flags=SA_RESTART|SA_SIGINFO
SIGILL: [libjvm.so+0x8b64a0], sa_mask[0]=11111111011111111101111111111110, sa_flags=SA_RESTART|SA_SIGINFO
SIGUSR1: SIG_DFL, sa_mask[0]=00000000000000000000000000000000, sa_flags=none
SIGUSR2: [libjvm.so+0x8b6350], sa_mask[0]=00100000000000000000000000000000, sa_flags=SA_RESTART|SA_SIGINFO
SIGHUP: [libjvm.so+0x8b6800], sa_mask[0]=11111111011111111101111111111110, sa_flags=SA_RESTART|SA_SIGINFO
SIGINT: [libjvm.so+0x8b6800], sa_mask[0]=11111111011111111101111111111110, sa_flags=SA_RESTART|SA_SIGINFO
SIGTERM: [libjvm.so+0x8b6800], sa_mask[0]=11111111011111111101111111111110, sa_flags=SA_RESTART|SA_SIGINFO
SIGQUIT: [libjvm.so+0x8b6800], sa_mask[0]=11111111011111111101111111111110, sa_flags=SA_RESTART|SA_SIGINFO


---------------  S Y S T E M  ---------------

OS:DISTRIB_ID=Kali
DISTRIB_RELEASE=kali-rolling
DISTRIB_CODENAME=kali-rolling
DISTRIB_DESCRIPTION="Kali GNU/Linux Rolling"

uname:Linux 4.9.0-kali3-amd64 #1 SMP Debian 4.9.18-1kali1 (2017-04-04) x86_64
libc:glibc 2.24 NPTL 2.24 
rlimit: STACK 8192k, CORE 0k, NPROC 31493, NOFILE 65536, AS infinity
load average:1.77 1.60 1.54

/proc/meminfo:
MemTotal:        8131568 kB
MemFree:          942532 kB
MemAvailable:    4547400 kB
Buffers:         1634900 kB
Cached:          2169784 kB
SwapCached:            0 kB
Active:          3105900 kB
Inactive:        3659380 kB
Active(anon):    2368544 kB
Inactive(anon):   627820 kB
Active(file):     737356 kB
Inactive(file):  3031560 kB
Unevictable:         172 kB
Mlocked:             172 kB
SwapTotal:       8341500 kB
SwapFree:        8341500 kB
Dirty:             13572 kB
Writeback:             0 kB
AnonPages:       2960924 kB
Mapped:           544052 kB
Shmem:             35764 kB
Slab:             189756 kB
SReclaimable:     121756 kB
SUnreclaim:        68000 kB
KernelStack:       14336 kB
PageTables:        51308 kB
NFS_Unstable:          0 kB
Bounce:                0 kB
WritebackTmp:          0 kB
CommitLimit:    12407284 kB
Committed_AS:   11376112 kB
VmallocTotal:   34359738367 kB
VmallocUsed:           0 kB
VmallocChunk:          0 kB
HardwareCorrupted:     0 kB
AnonHugePages:         0 kB
ShmemHugePages:        0 kB
ShmemPmdMapped:        0 kB
HugePages_Total:       0
HugePages_Free:        0
HugePages_Rsvd:        0
HugePages_Surp:        0
Hugepagesize:       2048 kB
DirectMap4k:     1643024 kB
DirectMap2M:     6699008 kB
DirectMap1G:           0 kB


CPU:total 8 (4 cores per cpu, 2 threads per core) family 6 model 94 stepping 3, cmov, cx8, fxsr, mmx, sse, sse2, sse3, ssse3, sse4.1, sse4.2, popcnt, avx, avx2, aes, clmul, erms, rtm, 3dnowpref, lzcnt, ht, tsc, tscinvbit, bmi1, bmi2, adx

/proc/cpuinfo:
processor	: 0
vendor_id	: GenuineIntel
cpu family	: 6
model		: 94
model name	: Intel(R) Core(TM) i7-6700HQ CPU @ 2.60GHz
stepping	: 3
microcode	: 0x9e
cpu MHz		: 3103.210
cache size	: 6144 KB
physical id	: 0
siblings	: 8
core id		: 0
cpu cores	: 4
apicid		: 0
initial apicid	: 0
fpu		: yes
fpu_exception	: yes
cpuid level	: 22
wp		: yes
flags		: fpu vme de pse tsc msr pae mce cx8 apic sep mtrr pge mca cmov pat pse36 clflush dts acpi mmx fxsr sse sse2 ss ht tm pbe syscall nx pdpe1gb rdtscp lm constant_tsc art arch_perfmon pebs bts rep_good nopl xtopology nonstop_tsc aperfmperf eagerfpu pni pclmulqdq dtes64 monitor ds_cpl vmx est tm2 ssse3 sdbg fma cx16 xtpr pdcm pcid sse4_1 sse4_2 x2apic movbe popcnt tsc_deadline_timer aes xsave avx f16c rdrand lahf_lm abm 3dnowprefetch epb intel_pt tpr_shadow vnmi flexpriority ept vpid fsgsbase tsc_adjust bmi1 hle avx2 smep bmi2 erms invpcid rtm mpx rdseed adx smap clflushopt xsaveopt xsavec xgetbv1 xsaves dtherm ida arat pln pts hwp hwp_notify hwp_act_window hwp_epp
bugs		:
bogomips	: 5184.00
clflush size	: 64
cache_alignment	: 64
address sizes	: 39 bits physical, 48 bits virtual
power management:

processor	: 1
vendor_id	: GenuineIntel
cpu family	: 6
model		: 94
model name	: Intel(R) Core(TM) i7-6700HQ CPU @ 2.60GHz
stepping	: 3
microcode	: 0x9e
cpu MHz		: 3100.195
cache size	: 6144 KB
physical id	: 0
siblings	: 8
core id		: 1
cpu cores	: 4
apicid		: 2
initial apicid	: 2
fpu		: yes
fpu_exception	: yes
cpuid level	: 22
wp		: yes
flags		: fpu vme de pse tsc msr pae mce cx8 apic sep mtrr pge mca cmov pat pse36 clflush dts acpi mmx fxsr sse sse2 ss ht tm pbe syscall nx pdpe1gb rdtscp lm constant_tsc art arch_perfmon pebs bts rep_good nopl xtopology nonstop_tsc aperfmperf eagerfpu pni pclmulqdq dtes64 monitor ds_cpl vmx est tm2 ssse3 sdbg fma cx16 xtpr pdcm pcid sse4_1 sse4_2 x2apic movbe popcnt tsc_deadline_timer aes xsave avx f16c rdrand lahf_lm abm 3dnowprefetch epb intel_pt tpr_shadow vnmi flexpriority ept vpid fsgsbase tsc_adjust bmi1 hle avx2 smep bmi2 erms invpcid rtm mpx rdseed adx smap clflushopt xsaveopt xsavec xgetbv1 xsaves dtherm ida arat pln pts hwp hwp_notify hwp_act_window hwp_epp
bugs		:
bogomips	: 5184.73
clflush size	: 64
cache_alignment	: 64
address sizes	: 39 bits physical, 48 bits virtual
power management:

processor	: 2
vendor_id	: GenuineIntel
cpu family	: 6
model		: 94
model name	: Intel(R) Core(TM) i7-6700HQ CPU @ 2.60GHz
stepping	: 3
microcode	: 0x9e
cpu MHz		: 3100.036
cache size	: 6144 KB
physical id	: 0
siblings	: 8
core id		: 2
cpu cores	: 4
apicid		: 4
initial apicid	: 4
fpu		: yes
fpu_exception	: yes
cpuid level	: 22
wp		: yes
flags		: fpu vme de pse tsc msr pae mce cx8 apic sep mtrr pge mca cmov pat pse36 clflush dts acpi mmx fxsr sse sse2 ss ht tm pbe syscall nx pdpe1gb rdtscp lm constant_tsc art arch_perfmon pebs bts rep_good nopl xtopology nonstop_tsc aperfmperf eagerfpu pni pclmulqdq dtes64 monitor ds_cpl vmx est tm2 ssse3 sdbg fma cx16 xtpr pdcm pcid sse4_1 sse4_2 x2apic movbe popcnt tsc_deadline_timer aes xsave avx f16c rdrand lahf_lm abm 3dnowprefetch epb intel_pt tpr_shadow vnmi flexpriority ept vpid fsgsbase tsc_adjust bmi1 hle avx2 smep bmi2 erms invpcid rtm mpx rdseed adx smap clflushopt xsaveopt xsavec xgetbv1 xsaves dtherm ida arat pln pts hwp hwp_notify hwp_act_window hwp_epp
bugs		:
bogomips	: 5184.76
clflush size	: 64
cache_alignment	: 64
address sizes	: 39 bits physical, 48 bits virtual
power management:

processor	: 3
vendor_id	: GenuineIntel
cpu family	: 6
model		: 94
model name	: Intel(R) Core(TM) i7-6700HQ CPU @ 2.60GHz
stepping	: 3
microcode	: 0x9e
cpu MHz		: 3116.064
cache size	: 6144 KB
physical id	: 0
siblings	: 8
core id		: 3
cpu cores	: 4
apicid		: 6
initial apicid	: 6
fpu		: yes
fpu_exception	: yes
cpuid level	: 22
wp		: yes
flags		: fpu vme de pse tsc msr pae mce cx8 apic sep mtrr pge mca cmov pat pse36 clflush dts acpi mmx fxsr sse sse2 ss ht tm pbe syscall nx pdpe1gb rdtscp lm constant_tsc art arch_perfmon pebs bts rep_good nopl xtopology nonstop_tsc aperfmperf eagerfpu pni pclmulqdq dtes64 monitor ds_cpl vmx est tm2 ssse3 sdbg fma cx16 xtpr pdcm pcid sse4_1 sse4_2 x2apic movbe popcnt tsc_deadline_timer aes xsave avx f16c rdrand lahf_lm abm 3dnowprefetch epb intel_pt tpr_shadow vnmi flexpriority ept vpid fsgsbase tsc_adjust bmi1 hle avx2 smep bmi2 erms invpcid rtm mpx rdseed adx smap clflushopt xsaveopt xsavec xgetbv1 xsaves dtherm ida arat pln pts hwp hwp_notify hwp_act_window hwp_epp
bugs		:
bogomips	: 5184.75
clflush size	: 64
cache_alignment	: 64
address sizes	: 39 bits physical, 48 bits virtual
power management:

processor	: 4
vendor_id	: GenuineIntel
cpu family	: 6
model		: 94
model name	: Intel(R) Core(TM) i7-6700HQ CPU @ 2.60GHz
stepping	: 3
microcode	: 0x9e
cpu MHz		: 3100.036
cache size	: 6144 KB
physical id	: 0
siblings	: 8
core id		: 0
cpu cores	: 4
apicid		: 1
initial apicid	: 1
fpu		: yes
fpu_exception	: yes
cpuid level	: 22
wp		: yes
flags		: fpu vme de pse tsc msr pae mce cx8 apic sep mtrr pge mca cmov pat pse36 clflush dts acpi mmx fxsr sse sse2 ss ht tm pbe syscall nx pdpe1gb rdtscp lm constant_tsc art arch_perfmon pebs bts rep_good nopl xtopology nonstop_tsc aperfmperf eagerfpu pni pclmulqdq dtes64 monitor ds_cpl vmx est tm2 ssse3 sdbg fma cx16 xtpr pdcm pcid sse4_1 sse4_2 x2apic movbe popcnt tsc_deadline_timer aes xsave avx f16c rdrand lahf_lm abm 3dnowprefetch epb intel_pt tpr_shadow vnmi flexpriority ept vpid fsgsbase tsc_adjust bmi1 hle avx2 smep bmi2 erms invpcid rtm mpx rdseed adx smap clflushopt xsaveopt xsavec xgetbv1 xsaves dtherm ida arat pln pts hwp hwp_notify hwp_act_window hwp_epp
bugs		:
bogomips	: 5184.99
clflush size	: 64
cache_alignment	: 64
address sizes	: 39 bits physical, 48 bits virtual
power management:

processor	: 5
vendor_id	: GenuineIntel
cpu family	: 6
model		: 94
model name	: Intel(R) Core(TM) i7-6700HQ CPU @ 2.60GHz
stepping	: 3
microcode	: 0x9e
cpu MHz		: 3100.036
cache size	: 6144 KB
physical id	: 0
siblings	: 8
core id		: 1
cpu cores	: 4
apicid		: 3
initial apicid	: 3
fpu		: yes
fpu_exception	: yes
cpuid level	: 22
wp		: yes
flags		: fpu vme de pse tsc msr pae mce cx8 apic sep mtrr pge mca cmov pat pse36 clflush dts acpi mmx fxsr sse sse2 ss ht tm pbe syscall nx pdpe1gb rdtscp lm constant_tsc art arch_perfmon pebs bts rep_good nopl xtopology nonstop_tsc aperfmperf eagerfpu pni pclmulqdq dtes64 monitor ds_cpl vmx est tm2 ssse3 sdbg fma cx16 xtpr pdcm pcid sse4_1 sse4_2 x2apic movbe popcnt tsc_deadline_timer aes xsave avx f16c rdrand lahf_lm abm 3dnowprefetch epb intel_pt tpr_shadow vnmi flexpriority ept vpid fsgsbase tsc_adjust bmi1 hle avx2 smep bmi2 erms invpcid rtm mpx rdseed adx smap clflushopt xsaveopt xsavec xgetbv1 xsaves dtherm ida arat pln pts hwp hwp_notify hwp_act_window hwp_epp
bugs		:
bogomips	: 5184.80
clflush size	: 64
cache_alignment	: 64
address sizes	: 39 bits physical, 48 bits virtual
power management:

processor	: 6
vendor_id	: GenuineIntel
cpu family	: 6
model		: 94
model name	: Intel(R) Core(TM) i7-6700HQ CPU @ 2.60GHz
stepping	: 3
microcode	: 0x9e
cpu MHz		: 3100.036
cache size	: 6144 KB
physical id	: 0
siblings	: 8
core id		: 2
cpu cores	: 4
apicid		: 5
initial apicid	: 5
fpu		: yes
fpu_exception	: yes
cpuid level	: 22
wp		: yes
flags		: fpu vme de pse tsc msr pae mce cx8 apic sep mtrr pge mca cmov pat pse36 clflush dts acpi mmx fxsr sse sse2 ss ht tm pbe syscall nx pdpe1gb rdtscp lm constant_tsc art arch_perfmon pebs bts rep_good nopl xtopology nonstop_tsc aperfmperf eagerfpu pni pclmulqdq dtes64 monitor ds_cpl vmx est tm2 ssse3 sdbg fma cx16 xtpr pdcm pcid sse4_1 sse4_2 x2apic movbe popcnt tsc_deadline_timer aes xsave avx f16c rdrand lahf_lm abm 3dnowprefetch epb intel_pt tpr_shadow vnmi flexpriority ept vpid fsgsbase tsc_adjust bmi1 hle avx2 smep bmi2 erms invpcid rtm mpx rdseed adx smap clflushopt xsaveopt xsavec xgetbv1 xsaves dtherm ida arat pln pts hwp hwp_notify hwp_act_window hwp_epp
bugs		:
bogomips	: 5184.74
clflush size	: 64
cache_alignment	: 64
address sizes	: 39 bits physical, 48 bits virtual
power management:

processor	: 7
vendor_id	: GenuineIntel
cpu family	: 6
model		: 94
model name	: Intel(R) Core(TM) i7-6700HQ CPU @ 2.60GHz
stepping	: 3
microcode	: 0x9e
cpu MHz		: 3099.877
cache size	: 6144 KB
physical id	: 0
siblings	: 8
core id		: 3
cpu cores	: 4
apicid		: 7
initial apicid	: 7
fpu		: yes
fpu_exception	: yes
cpuid level	: 22
wp		: yes
flags		: fpu vme de pse tsc msr pae mce cx8 apic sep mtrr pge mca cmov pat pse36 clflush dts acpi mmx fxsr sse sse2 ss ht tm pbe syscall nx pdpe1gb rdtscp lm constant_tsc art arch_perfmon pebs bts rep_good nopl xtopology nonstop_tsc aperfmperf eagerfpu pni pclmulqdq dtes64 monitor ds_cpl vmx est tm2 ssse3 sdbg fma cx16 xtpr pdcm pcid sse4_1 sse4_2 x2apic movbe popcnt tsc_deadline_timer aes xsave avx f16c rdrand lahf_lm abm 3dnowprefetch epb intel_pt tpr_shadow vnmi flexpriority ept vpid fsgsbase tsc_adjust bmi1 hle avx2 smep bmi2 erms invpcid rtm mpx rdseed adx smap clflushopt xsaveopt xsavec xgetbv1 xsaves dtherm ida arat pln pts hwp hwp_notify hwp_act_window hwp_epp
bugs		:
bogomips	: 5184.77
clflush size	: 64
cache_alignment	: 64
address sizes	: 39 bits physical, 48 bits virtual
power management:



Memory: 4k page, physical 8131568k(942284k free), swap 8341500k(8341500k free)

vm_info: OpenJDK 64-Bit Server VM (25.121-b13) for linux-amd64 JRE (1.8.0_121-8u121-b13-4-b13), built on Mar  3 2017 17:46:54 by "buildd" with gcc 6.3.0 20170221

time: Sun Apr  9 15:44:29 2017
elapsed time: 0 seconds (0d 0h 0m 0s)

